12 6461783178014592992
95 7851750683828233115
2 D
42
18
76
84
49
42
43
94 D
18 D
7
6 7028219186011427753
69
28 804073742689881861
36 6197653959952874565
49
60 331242477815213757
21 8954051516032783377
22
72
16 1336772366611374988
99 5855803672544602018
52
85
50 5818076346459272299
9
70
40
14
49
12
39 7135188963414434267
67 D
16
67
45
79
91
33 D
91
50 3924018417461032849
36 D
83
17
96 D
43 5078353263460797279
35
66
80
44 D
50
36 4513953915998354232
45
26 8011358224593531570
59
11
93
76 9141570972229884422
65
53
72 7473155495651700196
54 D
47
24 6630562902465791652
36
60
12 9175387096478004433
84
57 D
84 97684463095483824
36 6717149907139561900
51 6261567349287369029
9 D
10 5574249782495543484
14
56
49 5604113153466799158
41 1783957065008614341
5
92
35
95
44 D
58 2776882519333386460
50 3605864434151614203
39 6149585705375540766
47
71 3235054555161448703
32
59 D
30 4273591960254779814
9 D
72 758731616209560441
73
21 D
24
68 4987494735199413690
0 D
6
40 6444295367084081662
100 D
99 D
48
93
51 D
22 5670708698025054123
45 8721631805547732189
28
49 7219465557315291363
55 D
25
29
53 2903223603082035391
73 D
8
54
17
13
33 2179791571139849461
1
30 4155676158668928763
53
87 1243333883525897283
7
91
73 2913495975829690145
58 D
90
71
100 D
11
13
84
51 D
27
45 6057884216520400959
79
51 977272969391038711
94
88
26
50
71
71
23 3017626040198244319
41
27 D
31 7830790441546781030
88
14 D
53 D
44 7775585281464638613
2
11
32 8675372851761585009
56
42
35 D
76
79 5207680427914569869
69
23 D
18 2477941059192516141
89
21 D
100
81 D
99
47
39 D
15 D
73 5380180238644568715
100
51 7887727232582212620
66
0
100
44
68 D
55
31 8287471384496091338
66
28
97 54853523266480083
57 D
26 2657606640693113074
30 1072567369615149929
15
32
22 D
78 341634700898337030
37 3668479988864177230
47 3379283701348092092
77
32
75
33
91
77 6927100951121050737
16
58 D
47
66 5310259583673174307
24
95 D
79 D
81
75 D
78
31
34
32 D
43 1739971631104627127
29
50
19
65 2324427719632007928
15
5 D
82 4409788779818966429
25 8532499068730694609
82
86 D
91
28 143498089515606874
85 8462490047744704412
12
54
42 444111730660259842
7 2434285135471919795
58 2575213221783380133
97 7959292250269685106
35 580781590565997162
22
21 6639041021943569385
58 D
49 2795838860792135665
87
62
87 4761075440975892392
85
23
76 D
100
8 D
100
76
79 4606349728078647125
75
10 D
16 5920007493504420573
71
90
40
16
68 4910167688985112980
14 D
89
77 1954548299319534627
45
61
90
94
32
14 3576186555954463505
44 D
81
46
90
16 D
84
70
86
84
15 1698658007385758292
51
15 D
48
6 D
84
77
18
43 6637905449273282464
73 5032761862861143472
54 D
98 4393941334685439056
13 4021756266418025848
34
78 9131740612120654392
40 4845506028607135083
48
42
46 2221455652789155067
97 D
28 1492189989157163745
59
96
62
15 3716014880190821777
93
9 8608012043434314103
22
27 D
10
94
40 3881197592263236707
28 8805208149746889342
72 5372018147044285222
70 4691262891782124185
3 783118290513248809
96 3067906031576012636
94 6771983148790767080
86 2822341628975558385
45
62
51
3 D
87 1379577931233683500
96
64
9
11 5557431085572256514
91
1 D
27
68
44
99 5338017500069066611
89
31 152969137107993036
20
70 D
52 D
35
65
75 5791043448607422361
36 8127424807237247613
37 D
23 D
59
68
47 6295961029382213798
79
18
34 5762302768205572902
18
32
11
54 1305793576332643876
59
83 4971957319695635435
37
20
23
66
38 D
75
59
11 D
24
16 D
40
86
2 3368205883116002858
85 638798174139426562
33 2580013527718151421
84
33
90
65
43 6164487101806080564
79
26
48
71
28 D
8 D
90
70 8875964546816989790
35
45
46
63 695661879216038095
35 1929910213765560661
25
69
3 3419371758043580016
59 8134186223542068328
96
1 D
95 5211136570796664179
58 6305121380267468439
62
41
77
61 8410528591241853924
0
2
22
62 D
71 D
42
57
78 D
47
84
55
41 307039000703895731
13 1355042942957918652
65 3059805251074636824
18 5982252842139583320
23
57 6809750440322084027
99 6490600596750774531
67 1120447283666973510
84
3 4409412842776941317
95
82 5700914569772166477
4 D
46
44 1253121300993929369
71 8662365361389701806
17
11 D
88 8756921814864549853
72
16 2851674652864506578
85 8187245941660745973
32
4
35
70 D
61 5728384252328156376
37
9
74
96 6877900951210979241
70 8712744480608418501
78
62
66
87 456555586166965861
11
33
57
48 6535599038767256745
97 2040754916299325481
83
67 D
96 8701788991218496451
59 8355867895649525012
66
19
74
94 D
23
43 6973234373148966618
74 D
53
87 5599245481373560999
12
35
71
86
9 1148265377903000117
11 3877876885169835330
77
60 D
14
38
30
49 2102468581265574437
81
51 8037271780574326233
22
26 D
12 6609810572889276275
21 5309776471149483891
38 D
22 400411216866697102
97 5733719243896447605
42
10
95
85 8260698794657669868
74
10
57 5287289073084522382
53
10
7
80
25
71
43
52 4903598414696393582
79
8
16 4774169478605590233
9
17
66
55
34 7091284954871110786
35
89 2921446857633667839
80
6 D
6 1747004188885382356
14
37 4249982951734329000
44
69 8947579541971288259
10 3087838724785693027
41
77 5815281330167566698
20
97
70 2181913524895169226
29
85
33
27
1
62 2762206895626645178
74 744121529538437537
1 3778428223747003286
33 4364038761212273056
79 4808266227284934183
10 D
49
0 503246503809401700
70
40
78
69
26
12
28 1579157471688225202
34 8031934855971385597
17
42 7287796537778404903
2 8040315575515627156
58
54
1
79 1102798909713928245
73
48 7679875973663402983
67 9197687573844609041
47 2278138382918004112
39
47 523412423960652577
16
8
5
8
33 7310780219543010153
7
49
55 8293109859194166384
21 5552827108169585840
22 872245077566404379
76
12
51
32
36 D
39
44
88 212299426822727115
49
81
49 3873498911006234720
6
20
43 D
20 9173741285553896760
59
28 3142991960723777919
0 8228874928537091906
33 7242293369595175346
52
51 D
17
93 4198804268938479179
36
26
73
66
44
27 4654977298315574477
15 7433282502758528773
31
36 7199522992842599566
41 487565843474230799
43
30
88
33
8
58 7147096855931911364
71
85
18
91 8353433855782485359
65 3035349320020302239
46
83 D
77
25
34 3936305300206666288
6 5409601574139113771
73
65
0
89 7489971946450238292
23
61
87
52 4702544869981947836
63 4150885588384967372
21 D
40
71
44
24 849938505770553685
53
65 D
82 4975370807315802731
62 D
46 3695037388405835063
72 D
79
54 D
93
17 D
93 867440475495545489
0 4321074409870035688
6 7775884470650606196
88
96 6730675935062309863
12 5809644982088381462
28 1943708491166544690
7
8 8475606448217438607
23
41 5256125484619346085
16
57
14
38
67 8815705127787291640
61 438966342699328111
50 D
20 2327632915367737317
27
75 720149602989806242
76
69 D
52
47
82
5 2128887709749376523
46
86
32
47
66
79 1302330828718735699
71
99 D
8 D
46
27 852305866368365879
89
27 6352104045727303090
51 4232979709237364401
99
24
90 D
5
95
49
82 7104599970485206573
60 3732617048484129754
100 D
5 D
29
58 9037879495751750304
83
97 7294164845725749380
99 D
55
17
19 D
53 8772667424398005367
30
91
50
89
32
31 3730163033484487962
69 6586354801399731924
70
64
69 D
63
82
14
96 8368238034355663472
30
87 D
98
92 3829077240030614327
8
82
63
98
10 D
61 D
36 1818513495475432093
71
83 5603458925638661121
4 474669716355644466
13
11
59 D
78 D
18 9106314734156263865
60
17
7 D
48 D
77
0
21
64
62 489489315273335934
99
89 2961741312716688155
66 D
27 D
80
41 857030416871358856
6
75 6672879690788740344
80 8395189061096197596
57 2257568767754671819
18 D
32
98
71 7153711291224094885
1 1783572246124360274
9
54
20 D
90 1777867358283869730
8
15 3941048708326642410
75
20
59 8065327335108401754
11 5051345260144198719
92 D
83 3711570157491069779
57 D
88 8987851605563523910
63
74
100 1392600789067284183
98 D
25 D
42
39
10
72
28 3562533622366658343
25 7491517441160698846
82
66 D
2 D
53 D
86
5 D
96 D
70
95
52 2779278454738421910
65
44
55
32
35 8681606405414472740
97
79
40 2195397098915895806
85 D
16 D
29 6724713328334589782
24
30 D
93
99 6147451708294056346
13
85
22
59 5737217827762052790
77 4308180073608846792
32 235224247589291767
4
58 683915005397249572
8 4892486571978400667
35 7699880907719308472
5 160086491137750163
48 D
63 1692967338495102216
5
35
54 2077032500125973156
30
75 8242345313206778692
56 D
52
39 8664927695618514155
53
76
37
96
25
26 D
5 D
39
44
84 D
52
19 1376373440005353167
16
73 D
52
60
48 D
21
5
76
1
77
36 D
40
75 6788641184408985012
52 6928359539239469750
27 D
57
61
23 4719212315459641245
34
60
64 4227155252603969969
68
9 4927484964779733917
47 8274856890914120584
56 8267046092441419863
68
33 D
23
2 4051519973798786863
38
67 D
8
18
6 4510694197425183528
17
56
4
2
49
74 2701669670327712633
5 D
33 6591347526547216999
53
55 D
49 D
75 5502363552458954325
87 D
33 4498045472662907414
60
100 905183325130077412
54
99 314472455999899752
46
43 2996855179965012439
8 3354799422918538747
99 5495781785659427749
22 D
36
62 D
49
62 3480493773216654670
66
91 8632653331942492143
63
98
23 4599650039360822319
75
27
89 5728733278353727202
55
1 514586683540332729
66
37
49 302453646061241429
89 D
48
1 3439245467325136319
58 D
75 4110433906172819441
70
47 8116715110618243114
82 3771126969360283318
10
41
37 7232914901546471014
96
69 7603947712755134967
5
34
59 2504422776772961269
67
53 D
57
33 8816203296151215269
74
57 4799664889701206041
48 7060038933788458007
16 6572519849799193363
15 D
63 1688702575052347702
63 D
55
80
82 669022066731906673
95
18
3 8756110493139330552
3 6429963232585383965
55 1436631124104253649
81 D
12
68
78
75
51 8262309628463701647
70 2853024106803528913
58
64 7211943862200595893
87
8 D
24
77
83
47
41
47 7559692787811781001
14 913839722529807063
84
80 3359302229372555793
36 1041623248454961786
6
1
48 D
15
70 4540073235091696903
94
72 411952854950959273
56 3554158537205277615
54 1794908445131437137
45 3655255283054731777
7
78 2279091129696949767
48 5652203283958214874
18 5121285870208424263
8
70
95
33
21 D
44 7213214108108213210
91
24 3360792708646424621
8
37
96 7511515270454651489
95 D
2 5331186599508961405
97 1892384462898841795
93 6773021840087989586
56 3705544101542638869
11
68 3413255681088671961
71
47 D
37 6729260401626569524
29
56
20
0 D
72
85
94 2934676139126176965
53 6196766552540341646
8 D
69
77 6841828025209943085
41 7060630365129082416
34
57
10
41
73
12 1997987666922245737
38 2926238058267335961
35 D
61 4161185805898576760
79
36 3356919879585179170
6 D
89 4041100524339323331
40
9 D
20 D
50 D
27 761822935104735840
33
40 D
57 193935027608359920
27 3234464678647473766
29 3565771625215811510
2
12 4216867349917312176
70
38
78 D
11 D
8 308282216517825983
8 D
43
48
97 D
65
75
30
66 8007989060079139124
17
92 D
7 D
34 D
87
84 7658231586006577162
7 7474662180286260211
14 2771174893361807473
29
42 D
95
25
14
65 5952910815117245325
18 6526186417754679717
0
50
62
20 111632750406930198
95 7934860178197637230
62
73
42
37 6578254820145521113
98 D
69 D
88
24 116770323089761226
16
46 7689700637493102685
38 3565076830106628004
66
30 D
39 D
32 3509537971443681445
34
57
70 6841507568408899006
13 6364546528387867274
53
80 2113562250738115545
51 D
38
72
42 6552884187689021885
38
70 5954528580269959826
19
67
87
33 6311701804488996232
77 7853669005042479539
71 2199416908987871339
36 2047402843627140679
94 D
99
50 4900120846108514383
98
57
75 D
80
41
58 1660174574900189497
37 9140710605444086289
23
36 4644298733574241138
16
3
69 877183312841465481
18
82 3835820603279410701
68
10
99
62
25 D
92
66 4716351213693009416
24
27
93
78 D
96 4596866730642058060
11 702342658725916419
42 1138642832498587306
95
43 3577050723571279419
49 3257067919298535419
28
35
58
87
61
88
60 6937486459950548200
7 5841154550980148729
1 D
46 787146897346216782
17 517164943468162300
5 D
70 D
57 D
12 2853907623984676434
70 8426738853430824819
19 D
72 4346933585352334318
75
49
100 D
36
47 D
92
27 8994454895278751398
65 4957775579623405716
4
6
57
96 8122996337796164234
59
53
99
46
14 9124207093775722733
77
25
90 D
70
40
9
69 3617777644031727485
27 1618093566596976721
42
76 D
18 5816327002145778854
68 5192209851345458284
64 9040325353285586330
19
56
1
85
89 5272764549914544806
55 1758755910916069427
59
80 6733295147010878179
86
91 8954913412370202899
54
41
80
55 4025845181911067039
33 D
42
44 484776788834012572
97 1873263983486636226
59 3124991342985839604
74
75
83 D
60
36 5389801010340822279
73 4896006854848669292
45 D
82
68 5294146841184412991
99
71
23 5225273369839491129
27
53 D
42
24 8786661158495037648
66
55
91
28 8438528142996656124
9
60 3108078878724447353
81 D
10
21 9022586391328241066
21 2874473953310234327
46 D
0
47 D
82
38
29
31
55
19
11 2194598980989451243
70
2 6735781498738743164
29 D
47
100 2560647542842680067
30
59
81
46
30 3976941319066386797
34
84
1
62
91
72 D
68 1197932803096918951
25 1802229016012647191
65 9153555141699707815
76
98 8349023773160536879
35
67
35 D
78
98
4 7510326212144333378
91 D
61 5858014523627484878
1 D
14 D
46 5065479588111882310
74
83
16 D
56
33
52
66 5247516643974807010
48
52
85
82
95 8088799966570148547
7 3276137344816183323
51
48 876966386771096553
2
43
34 4968076327697785945
65 9165488270510442803
6 866189879743779714
65 D
24
37
63 D
94 D
1 5392350740307771487
86 3856651056462525305
0 490344497911828463
52
15 D
29 D
55 924443534443833519
72 2904500015808789553
62 D
36 8319769749912738639
35 3562515750477591515
21 6598582615118061715
32
16
44 D
85
68
22
14 D
11 D
21 1700313389017277872
80
65 8948775644689863055
96 D
21 D
2 5934308513126149032
62
62 7527971771194542189
69
78 4426992426010617490
34
88 5969910281043666559
80 8867700599033675696
32
0
81 4231124202449305123
27
8
86 D
14 3801226954435278162
28 1559082190237390803
33 7314976423687967950
85 D
76 D
98
51
63
98
54
46
38 140484151481218421
89
66
62
42
61
41 3516014665482272825
43 5991144384580999729
47 2041452931780907558
64 4226460333224794109
72 5976302268997127460
90 7728341876093506948
60
65 1029308662963446757
26
44 2388755914755657281
82
81
96
68
51
54
70 3414214273730629751
49
19
7
55
31 D
14
81 1939024184442528128
65 4279199539455095908
59
94
92
19 1965036008215548695
62 D
48
36
88
74 D
36
6
40
36
32 2250361301560455861
57 D
29
39 8440884182377325092
21 5841793890048479463
31
65 8300118568781544637
78 D
12 D
63
12 3911707697816977340
78 D
19 3574603109940806465
65 D
5
71 4645451542725039215
96
66
7
34
76
82
49 8418778921745200625
70
62
61
15
39
54
37 3020773522995004026
69
70 D
48 5795587391158991436
34
39
78
47
27
87
16
31
84
52
73
93
99 3541735728313118630
70
15 217495854457443650
91
28
29 8007439837681991466
9
67
24
83 1846274638428390706
94
87 D
22
18 6128442843963585421
31
20 7466366718253343771
60
95
72
92 D
42 D
64 2221689703174741194
18 D
20
71 5543144955819278617
42
46
8 4635499673428965870
98 D
36
80
76
47 9010077808915544683
35
28 D
89
99
83 D
89 7652452444101280001
54
22
68 D
91
60
83 7429282908191789854
98
6 D
5
53 8229390533320347928
70
73
19
31
31
4 6484459064301016011
76 2576914529229055417
3
22
94
47 D
82
2
54 8284471383661010943
27
67 4602284801541196604
27
32 8967747495432842741
62
3
70 3288219159895643832
11 3551979597131691706
97
23 D
35 5511866301336547473
9 2512383427107574189
55
82
5
10 D
34 8736276395719517319
19
28
43 D
81
91
45 9031777998528750522
61
48
8 1461504571936664292
58 D
29
99
28
35
47 7633966362053534047
93 7175231671933221760
26 6412391088645278964
40
22
31
79 5894481710149812144
67
52
93 5530780704693383523
43 3168546410286900970
43 6197306408332362167
18
82
38
7
29 6706558857614414749
15 8905000237408132090
6
82 3961837676835907584
7 D
76
15
85
26 6510174466022257910
72
44
2 D
42
48 3637950264901825221
62 2801245365755784610
99 832824577807822142
41 8345365341106176470
0
99 2797060309808178364
73
18 2296792556066137883
49 6052159555665293750
73 3217949127950556767
27 D
86 D
45 D
36
38 48445917601283354
57 5733282704506395584
25
0
62
58
89 D
32
12 2671290123754254879
96 7612629611582716290
10 6922259917969176542
8 D
66 D
20
72 9048213265027031092
94
99 D
64 D
66
77 D
1
88
76 6934713896856153304
73 1108860591197987781
6
7 3956339324025807858
33 1390345296674374700
24 9089816274874429716
11 D
21
43
89
100
26
18 D
18 3262973477654187546
70 272931731465165682
7 286229753421525572
25 5368727259030371882
82
90
8
5 465683548048055082
52
81 D
24
67 D
32
87 1989787542826619131
43
40 157267874304255023
87
19 7950412373705740181
98
76 D
37 7950661743322268126
26 3659265767211852042
53
10 D
24 3169606004596931952
34
52
2 2076420588661918684
98 1035002520459271724
51
48
68
76 2498442051853427496
17 D
83 30206135111705095
58 7291900521286638067
80 6836649369705066783
71
61
0
34 6809995038486525001
6
98 D
100
5
25
94
24 5373769429125952795
10 9079575417208326943
81 1590861293957334725
51
100 7074016416927406121
18
94 4090137358871474047
88
60
75
4 3636328757567464667
82 1111791894929840820
47
32
35 6162965921521914811
72
22
8
69
55 D
76 D
43
69 1303704809936527860
71 2016556991847806449
45 D
22 7272118585023456579
98 D
90
74
71
2
13 2512386752996994152
15
68 5967381984604995115
52
97 7332152534116974818
11 8197215354426155922
74 1034607650413028809
39
17
97 9122303162375412122
62
8
32
67
89
43 D
39
24 3611229005756127236
21
62
23
45 D
12
99
92
64 3859304472269830524
67
27
83 D
66
52
6 5040755979636806021
16
0
63 D
5
86 6971277778393219960
95 319129871291622685
41 4379981770615336312
46 4202230841350487156
83 8998459839178702014
27 6844669974974497073
86
7
5 D
22 4102906224533655401
37 8184472884710995170
46 6670341821870061208
20 4140217909274317218
34
67 D
94 7859999521820059643
18
79
51
50
28 3230439465908852748
24
83
36
45 5464125831930819248
80
95 5776944661296229712
47
60
26
17 2405750141888273877
13 D
21
57
94
77 4195598539240896959
92 D
3 2246729164748633356
89
25
88 3639974780643419949
96 453573716738149505
52
27 D
60 5753803619261966167
88
100 D
79 2403618714154094628
99 2787664906705201403
26 3986205303765343076
93 5483090497300748643
89
86
21
2 D
2
28 3073502960689095242
45 538119213841385232
1
90 740450720438157279
80 D
96 4017459157933486507
47
27
85 D
14
57
70 533110631555221837
82
18
0 3547962449572474597
28 D
4
29
29
48
8 D
95 2661850206773586897
26 9009622195600006896
90 110212720520211163
61 1827926411534844908
79 256879034938269527
33
94
32 8272775532734342113
76
97 D
62
16 816648427260110479
29
53
48 D
8
38 4888270624306942900
27
8
94 1426663478481391318
72
26 4330966433352081453
77
46
8
7
26 9065895931716170203
88 D
19 7411137490324351154
88
68
56 1834991696888702761
87
40
54 6117988570043168640
34
43
69 D
86
34
65
34
4
4 2503561027044326143
48
37 2449240548479123322
73
47 7646238897783866360
84 4538471036315877515
85
53
67
3
91
74
71
71 1825257192043295841
3
50 7650264809692545068
23
98
68
53
63
47 2330795268510170575
89
73
47
96
94 D
42 7183891800781280931
29 614425173955987089
33
15
0
55
79
11
16
98 1885181924088528492
35 3640584262316292650
86 D
48 D
53
68 8084099103330897367
43
11
95 D
55 8620642652876845453
83
66
7 D
23
7 1489438895354564318
16 D
4 D
27
1
86
37
8
22 2560435110790671234
12
17
16 1626971846421478948
37 4400238900683795942
95 D
44 6135440513614781348
47
69
95
96 621106865118759598
4
80 4340509343950407509
20 3356838594417038273
24 759812582089062144
16
17
76
56
90 7634652777245306072
96 6010479518819289607
78
75 6453177811375235753
60 2149239300491014386
46 6334278033489174205
23
28
76 4249660012315270547
20
61
5 4645607457727885664
18 D
59
7 8724276345379622500
10
27
75
13 5484233996017068033
96 7764503697184661760
38
9 D
27 5625140116143178096
56 7630549476900824164
58
1
37
95 D
62 D
26
31 7875529164270452828
41 5063256389774291715
37 D
35
60 D
33
12
89
27 7761146905370384366
13 D
5
0 6276665877334012804
50
46 3831443662768387870
17
15 8223609784667296917
45 2122302528467659369
46 4115074328743713069
55
18 6438534206158690038
75
88
40 2297296146605252825
42
78 7064530464510646968
17 6910777657524827342
100 D
19
52 D
61
42 3732264631517220591
32 8847120264105900916
58
64
92
69
95
85 D
49 3589197388187825185
11 D
53 3712352531005453619
92
27 D
48 3148674388477465903
12 188733506536295578
6 4541450732741035090
24 718945301657025089
84
71
55
71
35
74 8075018768019402438
7
75
61 9109259911385308188
87
53
55 4167800119053708632
80 D
3 8739998911086049711
80
11
9
82
13
74 8205889127127391905
44 2969660112223366776
49
9
33
2
55 D
36
96 2321339152442263237
85
76
99 5917428852055159725
2
91 2245882440081965059
66 7032060174988500795
37
32
24 9183237435768332518
30
95 5869096421515322563
82
18 2543974956984472617
95 D
21 1783076006755754483
83
66 4410763809319491073
40
45 6609738707882616393
17 D
71
13
40
72
40 4225787232834896792
77
12
59
34 4267249762325619931
26 1277356099667243934
34
7
52 3737551625012987214
59 1327600955302059164
94
84 D
26
80 3741659025642709473
6
67 4908345343012139863
17 1345932070490785360
56
25
66
2
62 4450289263779990275
33 8089106720885737396
82 D
29
6 1273841267068150636
33
56
85 D
83 1355506212993829349
24 196330228270840902
96
43 6866495371040087938
35 D
18 1105837910363554439
64 4031811666837307035
45
0 4384048219307864022
36
2
19 D
94 7634341530255351414
35
77
86
26 D
47 D
23 8922366380184639500
6
20
75
85 6672735171056527362
55
19
27
41
46 D
55 4153989037218307009
56 7839482329817586365
81 9116475596012330832
94
17
10 D
16 2791112360879098023
87
15
63 D
23 4336229504016509677
13
90
34 D
31
92 5712832771577825039
35 D
81
58 6954473050115933523
69 4234936874048677516
37 4431606623514747163
17
76 D
65
60 5280536178556540111
20 D
96 4264276300813109758
50
69 D
10
99 7287202645170760630
95
79
5
84
50
15 7321588867517572184
1
61 D
54 2868059733235418677
28 D
40
2
11 5152396492875174320
8
48 7767865035111688293
21
77
100
29 939250177367526268
9 3368813499760235552
87 4538229786086323806
73
91
100
59
95 6429834102250439411
68 2600554017013259392
86 D
15
46
53
19 6052900017797251546
20
48
41 7415419185686723423
20 6983224935998547658
55 3140408557697869778
95 7199156571320919520
80 D
86 D
56 D
42 D
58
15 2125966379435995595
1 D
47 1134215273519783460
36
9 4683295325732573284
14
36 D
71 2043152074962870860
72
74
55
4 1939552886223735006
31
21
9 D
23 3552190182223812745
12 4749338608692648902
81 2519289376210107708
73
89
75 D
2 1420406635717757813
28
21
93
17 D
25
27 D
57
92
49 D
56
68
42 272481397131380599
70 3448829154761611242
98 5491968901094399972
41
86 4966179893047358190
4 8788474633684025240
37 D
16
35
72
94
88
100
56
78 3873381802414808642
64 5011689731771303505
74
96
88
25
59 8156920890269771584
58
60 8393840572781670034
20 D
82 D
57
21 5498225795572949299
57 7478024355629787589
88
60 7287472846719095740
8
91 2328403932824398877
22
47 5175243614714048875
91 D
18 5631359847010814215
10 8034537457299677224
64
16 3712776591714609878
78 2019614889629246809
74
45 D
42
85
69 3426732330895771461
60
34 8125799362838880697
33
67 2455436193974753097
87 339940394380013574
62 8233749203147295629
10
48 2637084768115285663
18
45
19 2388173166979555226
72 4435941959017143425
53
69
20
65
96
90 D
15
79 2109935100638044653
83
22
1 8114360134779092447
74 D
96 4006535033162583749
39 980025784713361177
92
51 D
4 4993992099913009645
48
1 D
58
94 2550330497762451988
85 7421372792406747114
62
36
43 5848205754240485833
83
30 9120286091434828414
84 2805332241574566055
62 D
41
4
81 D
90
58
47 862927071892202590
8 4158602500514051883
33
90
78 8675265609974801670
20
40 6638441993049287949
12
15 D
14
70
11 2714707427789967581
69 1550050960607555546
93
18
26 463109920644976386
1
94 5957121372878729750
0 D
55 5987272740720327644
83 442450897486840720
30
36 1863288854643602461
90 D
64
100
32
12
52 D
19 4806300123616688106
43
61 2948988866931815413
94
32 8597668740733885161
63
63 7562059456595399904
42
24 5073049648006761664
39 2650522135144238809
20
50
56 D
44
44
66
59 D
70
89
75
47
55
89 D
39
13
93
59
70
17 D
35
95
93
70
37
96
96 1804248820131791399
6 D
47
41
5
11 1846940747471333017
97
57 D
94 8943102539801456266
4
97 7220368018013639349
39 D
21 5425804946351887500
68 7583208492388491515
10
22 7134731888716609366
71 2239061305678617240
16 2852134165571602895
100
69 D
69 3133154933854021183
63
62
33 2524363304143748351
77 8422839439610095499
36 2840998721914215907
71
51 4685193269247331
5
2 1133511364069153091
42
41 3576969929504292084
35 559301077673385074
2
74 D
52 5584212514856457252
85 3242853379675955822
38 5778760346788098724
7
41
79
54
61 2552599685481924597
24 1595426424753585656
63 2980127319153585979
2 D
75
33
38 D
98 9202695781079313782
3 7162905714331825977
52 1569272208467411366
60
34 190342047640643494
100 630331150882173087
91
50
22
60
19 D
6
12
71 D
2
50
94
78
51
3 8802253006585410463
2
94 5606479511175797915
45
81
15
46 D
32 D
4 D
60 D
93
2 6910402088707719820
40
6 4280009039321341007
54 D
30 1821607802195322269
70 3628433525041900591
34
14
87 4647027995612420019
70 1933968155771997352
29
25
90 D
91 2416091573081204518
38 1359110808818995628
24
50 D
47
18
60 5099730697285586106
42
46 D
88 7771796410366104791
88
28 D
64
78 D
16
47 D
81 D
20 6015605594025662858
75 D
36 D
20 4152919491486742949
18 8483643648906857675
7 7024469186299606330
10 D
33 6000543975410340779
89 5638912561317526716
36
46 8777780037597648287
82 5106471962992420619
58
43
14
53 4515707575564558373
15 4491178304715005714
29 7047432854436286950
97
67 6627082302825021664
10
68
32
56 5803991101940760507
68
45 D
9 2208119722682783443
66 730851136630280976
59
9
25 D
60
23
32 7974444700707588918
38
35 5711998171092955257
22 1952446425029287689
75
44
44 7266219346372250362
70 D
17
16
25 3370018669032019009
40 2397787218765252692
15
16
26 2209444957577662612
50
90
93 8615077521968822168
37
41 8934406249896231114
89
48
81 1245609071530771197
55
77 D
12
15
80 D
36 2215372123671060700
53 1504587125398157697
51 3227313401047633196
69
2 D
81 D
55
5
58 5658743728789100609
78
90
94 D
68 D
46
100
87
15
92 1140270729508402239
83
92
84 5444227038116804515
99
71 D
96
6
29
6 D
35 6142790631659712036
75
35 D
72
45 D
73
8
37
91
92 4659692775726673837
99
11 D
12 8624146496690386046
83
76 6836829208748781122
55 3051979743000959296
59
12
40
38
45
44 5532138839833644134
21 3492111739737456194
46
94
91 6163917522975912623
68 7476852555280497407
20
20 4989409457441434720
84 6430198830978742308
69 7443518555769865615
49 2984376905462552674
18
43
69
46
76
92 D
9 3158405636346138524
40 D
35
67 2189467324396808377
5
76
81
52 D
66 7662202456195132778
52 9038534269350370866
77 673292983802344719
26
39 480731472702759986
86 D
42 2932644507572344419
93
53 4484021353147417647
69
61
0
16 1453184070242702475
21 7124022474858602842
14
8 D
29 7326140672071169708
15 8439025363222311596
16
15
47 7958485052385250303
35
82
78
1
82
7 7253796989878842546
26 5391104654469243733
39 2570177081902242642
63 5799780013744671768
27 2913563622571168364
35 7411324625003988705
37 D
70 286343061467920596
42
1
33
92
43 D
100
26
25
81 7847866368418393457
61
62 D
95 D
31
67
12 1936633002293209931
5
54
7 5008464931754969749
24
32
8
93 4585216903687622035
34 3570741361305873779
24
29 8630584786696354418
43
83 2013246259790952984
79
17 D
99
100
98
67
57
100 D
64 8246054552149937796
14 D
8 D
86 D
78 3935912258023140848
1
39 D
50 4401405084402745270
16
26 3031393124132407873
77 637281458612520889
93
64
30
23
16 D
30
51
38 2743109547588804917
41
3
63 D
86
18
15 8513478538140702231
69 D
76 5534572403265116599
11 5537979705982210722
100 D
1 D
50
57 D
21
6 2537054401830326011
88
17
4 4083010263138770809
81 5533619518424744130
37 693807139469232390
60
78 1065664979795577829
62
42
55
65 4087733367348766149
37 7637436835831689198
30
29 261405092462157568
75
43 8007166277393215149
4
40 5610254762334396924
36
57 2503841213492828381
75
66
47
11
47 7310243252016534415
32 7231337432621004487
47 7614675369444849750
68 2199574278757699587
22
11
41 D
28 6694862659909923078
17
39 D
56 572283825483968984
0 1003709157170987924
82
15 5275021469185915568
54
69
15 5001193558196128710
54 D
53 7112278314595712233
8
92
75 3210266160123528205
20 D
35
95 1792342066220320928
29 9083461388718513603
37
60 193512444864853427
16 D
81
67 D
45 D
82
13 3284118138619823532
88
61 8293680206467226597
4
12
57 3578136602193663632
91 5735714546818929344
99 D
77
12 5938387858069651154
12 D
12
38
17
0
32
86
14 2723073272345015786
43
56
40
22
54
59 6967401653184586520
56
97
96 7266590183006611470
60
83
2 6159973482952711551
36 D
13
32 D
83 8613356567842726173
69 D
57
80
93
46 8634601173085220610
31 6912275063304048111
58
20
79
64
4
3
94 6014466962858828987
72
8
26 D
52
84
45
89
85
25
27 D
48 7549583209238309363
41 6450009251430481675
2
21 2417550418563350213
6 8165935039128016569
13
61
5 D
97
16
98
52 103614201182395099
23
13 8749153433972490898
63
47
43
32 7559424708086926142
33 D
59 3707349114922801348
18
41
29 8478414610135650092
81
50 161085113768010610
85 5153453819992027614
93
13
15
20
34 5354795980528881831
40
51 D
87 3814844852177476387
31
26
85 790972368931541962
90 141698516706381043
1 6086580199041559473
24 7020084005720424138
91 6562159331280820261
57
6
72
1 1341651908703553160
78
73
2 D
30
31
73
86 4107163331225514822
30 8112060834011015243
49 D
32
1 2428627052558328941
52
31
45
69
59
12
26
81
87
46 3108056938544896787
99
88 D
20 4053487101588705194
75
29 8872190925492649236
10 4462647685878888084
48
43 2232575662965600154
2 D
38 5672697944748186226
28 8964379578081890273
46
95
18
93 6853383420290638154
63
33
21 4803525318502306522
62
49 1007416376540062720
18 D
94 2783802975502946830
70 9058198437438867062
72 D
15 D
62
29
0
7 3270061791778845962
6 5592134993460336030
5
26
66 8461768756202735308
4
40 403821645649788902
53
14 1470624286208973662
23
65
83
37 1727933182678362254
31
76
19
26
41
98
73
49
6
42
8 4162477414526454784
91
84
64 D
95
62
22
16 D
36
29
38
60
17
57
1 1340766626053356078
4
83
24 4548702645141224286
42 D
8 1974415136065721440
75
21 D
76
58
28
60 5006561918709835212
64
3 3045554596577878757
61
43
44
35
32 4988867390303115275
31 7583726898782078242
58 D
56 8082032031139761147
5
84 6439498090834592000
50
69 9153018573121149967
19 3504010118374766279
45
56
59 1704273524469816712
90
71
97 7867884732578579594
30
96 5249927343583467505
53
63
62
22 D
37 2457715948766295619
28
78 5387773582769719054
18
96 3852939472565307578
51 4798466252737817230
14
93 7730720483166639402
60
4 3431324800991303970
73
57 D
97 D
25
93 1504344473558900170
56
72
45
91
2 122358480567753170
63
79 7958965161657896157
32 860429654257816747
48 D
60
83
17
57
68
66 6288102256396406809
10 7175285941974283713
98
12
71
31 2813540362694830908
3
14 3408130925982215799
38 5564492139072102366
18 3512192241264697365
42 3570587066312657054
44 3372816095451882819
62 D
95 9005134866379919841
38 622066553413674913
90 6104857147193750602
7
27 8592488970654536405
83
15 6876700789362152721
63
32
30
7
34
64 4199291130199295018
59
66 D
3
97
44 D
47 2352827023439868177
41
63
40 D
17 D
51 8823807113611918122
59
28 D
4 3553008541011684830
79
93
64 7397416099136036581
61
10 5594370331640328922
39
64 735714002892888594
49
88 D
0
83 7598346549584061878
68
36 4841459762980931023
42
99
10 271977932025136256
25
73
17 5823277391799675163
98 1608376541080926723
7
9
15
88
89 3683537399926000334
45
26 750033722885633279
96
30
12 D
15
76 881116656847589747
8 D
96 6036101858287976731
66
62 1226186728654673299
66 D
93 7974302726883218315
35 D
30
8
100
61
87 8555329587409436613
22 4262171203387175618
14
53 4036549008265077499
87 5448604104634517582
53 D
64 2440283580050304118
80
6 2874842510375053563
88 1525903670161727724
100 D
95 2246165847797138934
6 4328441738922032858
49 4430633658840897079
70
50
84
97
37 6555505509721931940
20
99
48
74 D
85
34
10 1555843067785275701
31
47
94 D
39
91
54
99 3575180522723060920
43 8135350328336431618
61
2 3623455945371831192
47
20
71
94
93 7045513860278633800
29
89
95 8772010184842370768
72 3013830239269816457
1 3919276351317863367
55 D
28
0 9196600494094462736
29 5917805791804610061
70 D
20 6433297422334258380
13
17
1
94
82
72
12 6920382080939064149
25 1640933269446030222
30 D
23 40220867914740304
8 D
57
57 D
53
95
15 1603475268463918447
10
22
83
90 D
91 416283345501700078
7 7512381645402488704
19 D
32 4197709191095161521
14 3050502846640135326
98
25 D
69
13 3438044280899103293
46
85
87 3830035151859560248
40
92
65
96
57 494392084767130285
5
40 2576381542403402235
37 2897093775920013655
40
25
64 2856163747308594945
45
40 1557224870213217152
29
73 3776392614603982189
33
64 D
39 8545112461697060632
81
30 D
92
77
19 D
97 D
57
45 D
54
67 712474326370745629
81
39 1348311937318380634
90
43
5
73 3591120535815010040
53 D
80 4307659330272656907
30
89 D
71 5638008997515238543
28
31 1301230385946367918
33 4112991316183133810
32 2512872520976588130
43 2782139048322811167
63 3567555595414975452
78 1913162700524079547
28
79
9 6961810636483928503
18 6706599140138533976
69 D
79
8
45 3693954603984874580
0
72 7235144061642725751
18
2 1634331619877949492
85
63 5463355864351334517
67
94
61 7004986163989152799
16 505367423584332203
51
97
98 661884466939348025
99 D
73 3153028576060399380
54 4532608919351422136
72 3212370732720319156
32 D
45 6189685313940760019
3
81 1011805456405417217
24 D
84
15
61 D
82 3258808667506641924
80
7 7055354192200993953
3 8470805413135202966
16
91 D
71 7650618339810669269
30
86
45 9131478525316673582
83
61 1506076480698804091
80 7687322210038194147
33
83 5383025371622072056
98 7400257088149235226
37
47
17 2366870140239249711
84
15
39 5981042491001929708
19 D
55 2015205598200746979
2
37 1503733631060732243
61
1 820783105489811265
17
65 D
83
71
98 D
85
7
25 7855532604744574553
61
64 1167105490943919208
53
40
75 7587134151273056936
66
66 D
3
44
94
99
28
89
18
85
47 7103919571103983093
31
71 D
56
0 3692558372992720505
73 5001370769570217252
73 D
79 4752464781205217427
94
25
69 D
83
23
15
61
21
66 8893350993845833436
49 D
23
2
68
90
95 D
84 D
84
70 8766750093385298531
81 4452362678089586515
19
32
92 D
61
31 D
28 6876524503903105807
83
3
80 4602131826312895403
43 3993383751309268702
63 4576847356584910156
68
38 D
98
95
20
98 1092450377123663275
45
46 9114716505127066762
1 2194394756057278181
46 8904239352507283807
30
31 5423953357851449796
50
38 4357818008444134244
81
76
34 1462999130217396346
42 6525049678730141922
58 5605880994603861159
82
6 D
58
68 7319633264667944134
46
90
22 7207928239757824677
97
31 8380426729298114022
45
88 8989669451985617733
87 4864043065525653621
73 D
32 644558807568222467
85
19 2446368344932395144
30 6008985773964115623
77 9066023294682254794
35
87 276916327641426468
57
10 1873474297735614872
58 7768842037175826401
36
29 8647893924598061552
31
68 6975251813603248628
46 4532775300445019597
29
65
80
54 7799187724230329603
90
44
68
76
14 5422389188848203395
33
0
71 D
89
26 9020767546168979690
56 4289882214047280418
17
91 8230056990612772613
61
69 8386090183591535237
84
55
46
64
61 D
49
81 D
37 6628448734565639667
29 4806791054589281705
24 7854101153504623840
71
54 5531748327307738100
23
96 7245673557628682192
6 5940702445504759193
8 D
21 4994765767732665283
62
64
60
23
65
14
61
82 D
88
11
9 8188990998805492743
51 2435009175446597379
83
68
5
55
47 D
43 D
69 D
59 5937726505625470955
100 7243046094984065838
35
77 5932065358121915770
25
7
8
71
94
57
1
15
88 6230637051863155165
25 2433822353213925464
23 4876016062152701975
6
27
3 7297871723484625171
4 D
86
48
80 3455115201619644805
44 1210734524778345734
48
100
37
76
93
68 D
43
69 D
27 5985686650109107276
50
2 D
3
81 605529900086057474
44
43
51
70
63
39 4471426622808198930
69 D
79 D
86
1 9161212219968868976
74 2933392942697174999
87 3239982566019363975
8
62
60
37
33 3922362994554025905
96
76
18
9 7508809883291730407
18 4984668234071058392
91 6357922643219025260
55 D
87
39
47 2021925208793664763
55 497807090957351618
89 3492568290225860846
52 1984391133738279463
96
11 8537509997608314319
78
95
67 6624322151734127901
17
24 984344021384336078
79 721496723311211909
86 D
66 119806724255501044
2
44 14587673296850558
38
47
28
53 3967009305779073682
75
15 2355220298307061851
28 4649531931740129523
55 7807297815309806236
57 7152209573397758721
56
75
77
32 5578566725130517658
58 D
72
79 D
77
85 8434782308504926190
90
26
82
37
9
60
13
6 D
47 7960220913007560854
55
36
26 4696429820232480992
85 3955587644383997347
32
12
46
99 3673547185548310316
84 D
71 D
18
24 D
28
9
20
49 8315317547961944840
12
32 2466382920156679074
8
74 D
69 5307308715234151623
26
7 5720136628017029228
9
98
46
31 D
42 149556749342849228
9
98 8178695832536567496
27
16
72 D
78 D
40
32
52
78 363185930978014329
74 1683288949938926711
99 2401696817490822148
30 D
19
29 5569415361850819596
15
4 3904473740654746915
60 4329582857439201529
39 4190034276566590223
18
64 D
51
97
19
15
26 1288204601465502066
77 6417301671734162996
89
93
79
44 5978867056620025356
49
67 D
60 1450992583785984269
15
82 D
33 4374073781961494611
43
77
30 5103937307941524488
59 1723801469018900382
48
99 5057543091060757055
22
60 1580869290228367479
59 5648422726656506682
64 32598206465950081
0 5494275262511336548
52
36
60 1845164024036010558
14 3350751698118422865
53 467274562383313312
58
12 6469900821981664321
18
17 1106104666973919170
64 D
7 D
74 D
98
97
25
40
77
61 D
42
60
34
18 3106579977816034903
68
1 7530675265623520699
89
47
68
10
26 7953455649261337360
75 920667803190108259
66
89 3680012190418241334
96 D
92 6730381029399028341
61
90
44 673695675621751790
33
37 8963448280665837379
31
26
39
58
55
88
30 4173441702020296642
18 7047354961517751496
92 6496865430732859454
78
7
58
86
76 D
63 5086713110361249911
82 3836659489254732753
18
16 6056530493669187485
72
4
51 4870976765282951933
36
82 1194551183150219863
23 6299741821622168032
63 5150066260680890947
48
78
72 D
28 2807450866107211344
5 2350262829561940097
30
69
63 2690848652005022327
34 267022717905136491
89
27
9 D
86
33 6936833122076979679
65
17 2845462370255901065
57
41 7322294788564464895
71
84 D
49
65 1149738934927252670
90 6932465329131988191
6 8206447498539881348
79
47
25 2900854668055738642
80 D
33
32
18 D
88
46
72
89
24 2449850710581855382
96
60
85
31 8453098381616438387
29
66 2989351307160497608
54 5358627974002481377
78 D
85
88
38 9170804524704745117
55
1
90 3477728610349595225
57
66
99
99
81
71 2073921367044769232
3
54 2181904463869998902
61 6649401209255564065
44 5257366625690311104
14 4364251777033075898
71 6630951476606179174
63
23
25 6516076084301836715
12
62
66
37
44 1414681755603959699
50
19 D
84
80
55
9
13
60 3197333108203097457
46 D
57
95
36
26 1032028919681066975
8
38
59 5200690985820358482
9
18 4648133029112602961
66 D
52 6385620548060929348
26
19 5456092041731608021
62
48
21
48
34 8261191689514493822
63 7876234376119121105
86
47
32 1385157359643574042
10
58 8025927384154144282
30 D
95 1265014182720136784
54 4369354187826830103
43
98 D
3 8357880859045360659
40
17
97 935899148924360565
90
43 7523833558402373649
11 2620913405319884415
47 1110145782470739296
78 6162419731122860396
41 1897915266955615340
45
81 D
8
74
45 1732902038580283852
82
2
52 3868880406537886219
94 D
46
56
88 2036972370952361904
84 5297318920216637509
48 D
96
7
13
98
57 2970219714890523735
86 8984062818493456985
47
38 D
74 8457637552353361591
87 3140234138720944294
6
31 1471819463348283625
44 5356523542862231662
25 D
39
12
9 3074593487964695763
10 3415961775648365263
66
74
68
60 9135272639680980742
43 D
1
66
3 D
67
29
24
29
97
90
11
14
59 5576474549250108684
48
26 3802285260312508111
47
100
21
57 6821094821772750927
5
14
70 3678069280306131828
17 D
63
84
60
70
94 1483012481972528900
86 1848301487285681632
98
27 D
94
75
89
64
58 2948005249278568793
16 D
91
8 7155813717629557976
51 D
92 D
25 4517279937333193398
64
43
51 1470056387586559886
97 D
7 3826502381066410954
58 D
71
61
82
61
23 397035243473694587
35
99
5
24 D
78 D
3
36 1519580835361261246
14
22 5448555945343562696
21 7645917994237942974
45 8293747902918943378
46 1138869935375675472
33 8962837606011611172
11 1332301902956768598
7
51 263047520916343741
73
81 3541054726267294131
50
36 4253621071827565676
0
14 D
78 8911915213514505193
51 302711088863732650
35 948347056292690646
3
36
64
33 2066132088896984839
26
57
18 D
32 7032154557281340725
71 7968660188731760960
6 5161722722845089794
24 D
93
88
15 3593132481670519846
73
90
82
93
80
99 D
27 7176881488350743779
12
98
55 6346776114417394710
0 6329487623836630735
68
7
42
90
18
86 5621223757804780477
14
83
44
49
0 1931604316688443206
66 D
70
12 7456369601776855783
55 D
59 6295209442839397186
36 269662665351273182
66 D
79 5523941810332252860
35 D
46
27 D
47
25 8837095065479766186
11
22 3644442580345598058
28
0
43 4638250202203130042
33
34 7654304270072211177
76 9144003892690613485
86
29
46 1297179243165841915
50 D
97
80
90 4151697432091990943
43
88
54 7111875940747019118
16
49 D
95
36
94
24 2139650923833912640
33
66 3519801902284437688
22
21
5 2242968356022535566
43
2 2419636622803307735
67
76
44 8037319875556955431
48 3926960934198134292
19 2693011653029621630
13 8715264098212677667
84
100 7050415712852601771
88
74 2324498402988528164
38 3648390815407048603
82 D
2
13
85
34 3437200244450365753
81 7372360348718757759
19 6389110430540770346
66
9 110104381380260969
100 454614322374222090
45 D
32
23
60 3261969807195091755
100 D
49
77 878313695790724683
57
39
61
65 D
68
79
1 8699428346312191725
63
24 D
24 5538891255149329253
99
19
99 5106295031212912883
34
89 2689786054819306434
41 8525945441052784749
36 3792148993883155488
70 7796743246029905405
31
34
96
5
50
52
35 6441766075862409169
69
89
47
23 2818606567818674756
99 2934931020973731904
74 911260041330949600
58 D
4 7993000056953979965
11 7263234516763672340
61
16 6848591889984668360
93
36 4087041706011148749
35 3362795590881158625
94
36
91
77
5
52
67 D
10
36 D
65 3332093553299836329
27 D
11
28
67
29
15
83
60
51
87 3198468665407807508
41 1111409796175554089
64 7742584230151076005
32
69 D
4
63
21 8937726581696708034
44 5998744265351378341
27
4 D
95
53
38
66 1279190773992042280
79
72
97
95 D
52
6 3581054456880604351
42
52 D
84 2732946203391133507
35 1375275465623667569
19 5194847339741427955
25
67 7059693875718508002
39 8917779480581642541
81
5 7274421242291165217
39
67
70 D
69
95
67
53
51 3687484961327719395
46 D
7
41
20
0 D
31
25
13
44
27 777088017363961831
10 8317930399751043859
17
58
20 D
98 2131761519535398722
97
52
12
9
79
87 3079679406776051744
97 2604018842599819722
100
74 935232166925161859
74 D
32
6 3615790974427806553
74 1755933841114524459
66 D
87
54 2598918458371609657
61
39
72 681358909499168240
10 3236694757105494093
92
36 D
81
51 5177582354766142954
37 D
3
37
28 5648707493712885227
16 2573059945109736239
7 D
59 5802056184878883764
97
78
88
23
49 8215561993651794432
87
47
68 2377387605471663933
51 2865072629922421576
12
21 D
79
99
49
86
36
80 4021655158812342470
69 3972404789961909273
55
73
100
3 D
46
74
34 714770551713288110
98 D
46 D
65 6778785983802584987
40
33
13
1
72
100
27 5548224782225085109
49 1616612878134545211
66
57
15
92
65 5050774890213010754
33
82
75
59
29 1259046740474943621
70
24 D
94 4681611947451601061
84
16
63
42
95
1
42 D
72
48 1020058426511216202
80 472113775289612060
17
21
31
38
60 6046266492277061989
32
73 D
86
96
96
89 540028680486385630
78
11
39
92 1771613898209057710
84
40 6240816017008000150
60 5855998120681210714
45
83
58 4485829934579140382
99 606472114934165444
60
46 8092021409043246943
40 773087491745678782
1
52
67
68
90
10 432004950470581572
76 D
33
39 3144384041090000130
81 297378267956437914
78
22 7065799507618156074
14
98 6582757669980881132
26 3800107345274643602
8
32 5709729499378718289
12
61 D
6
1 5781398066932778540
34 D
32 D
73 507113714964318855
97 D
68
0 D
33
84
98 D
42 D
66
42
69
61
44
55
19 812751814263354141
97 5173143506124013789
8 D
27
92
100
85
26
40
80 2507828602063589860
26 7565127763882480062
10 4511811607128718028
21
9
39
27
1 D
15
67 D
83
37
25 1261834711275177858
0 2908744910040874072
76
71 D
30
78
48
42
9
8
26
60
28
28
2 D
8 5009651846075046299
49
40
49
25
87
77 4244281396125214912
44
19
8
18
100
23
35
17 8862307077316618076
61
48
98
49
31
16 6409056978403650077
13 1415165783538589323
46
70
62 7829078225850421876
62 1763413277275007896
49
7 8135576108428046327
4
47
14 2582553461264655878
41
47
67 D
60
30 D
15
90
47 3177466246163003096
60
46 5117802520730601342
27 415565660301211124
95
94 1151951588730435830
1
31
31 D
37
6 5602827236924162643
15 7199379746810334973
73
79
17
88 3385059428930553181
97 8218918364083036085
96
100
23
18 8426989531833573263
69
89 6883473243865586345
56
80 154332959331718511
44
11 223181275642427325
76 3004385757528751821
11
24 4936956817346444348
51 15313391955713711
50 8342459920629397770
34 9066102914895631736
25 8239066879660531441
78
60 5065454765113162310
84 D
95
25 1711286930978083013
47 4554809667575521737
98
15 1862497054210638653
80
66
13
2 D
54 D
88
41 8047046529043702510
8 6810710173412159770
97 8363791477216690018
36
6
31
39 8556151245591895968
6 7593505111595461803
80 4757570226205755342
26 D
66 2639849673445587017
41
74
86 4804315293820892751
23 D
44 3473234197656909911
61 D
79
1
46
77 5459369777773517228
11 D
13
11
37
87 D
90 8081815186989225399
10
22 D
56 D
21
53
57
72 6605903188148535165
58 4699987935010925889
68
0 3180389592594006333
79
45 7352807953113859169
25
69 8845003144173261726
33
73 D
28
45 7402235304147479354
89 4138083133759433430
38
11 5882679065654589519
10
56 25766669606386416
84
64
83 1939726421495689400
2
44 5780303525167708255
57
88
30 5850870209715779005
27 D
46 6928933710730304864
47
27 811101674770708314
22
93
14
10
70 4220754336650437112
67 189903740489878790
67 D
81 5202492964654247795
42 8332868508379064098
31
93
77 D
19
4 8243358067560078483
1
68
26 D
3
96 D
96 6355653522554488289
64
64
55
64 167073443748840371
86
31 2644081929306506180
40
45
21 5171964283757569242
84
64 D
38 D
92
12 3769439852508990716
37 D
88
70
31
93
20
23
84 6805169819645107458
90 6078997012083353262
32
76
0
41
46
33
19
40 8174909536562229411
69 3060890255664748622
68
0 3767991687727820983
60 5991584819801884708
59
17
50
74
11
17
40
86 6396953786866590915
84 2115332882971776173
90 4222033019542144569
88
95 5423178931956682429
56
29 3188695208847145328
21
31
58
65
99 2759295506412241408
42 1614985508484245087
99 7721724043887802092
31
58 684514491516257237
88
13
69
85
17
39
51
15
20 D
52 3445822323346114056
15
80 5774999818266135658
79 D
88
97
56
36
66
92
22 9071534389989247461
22
19
26
3
1
45
66
19
31 2844509947034207188
78 8411771869131592205
76
69
88 6677387540107509421
2
88
67
5
7
67 2814778470143888954
34
21 433738999733171130
18 D
90 800366631797299387
36 3320956304780730014
26 7136903874767993778
66 3482243322530745486
97 7422582653036294451
14
63
86 D
3
27 8174251186329157297
55
45 5096590540516515802
25
25 2154821094657147435
76 4598485384397298355
48 D
12 8391480997153797951
35
38
3 D
62 1098608521885228050
56
11
67
76
83
74
64
5 2242390913336171648
100
87
74
19
91
44 1127406833286365648
74 1908482479377171673
34
71
52
71
50
4
79 1149187321234594496
0 1415800161040959246
70
27 D
14
44 1785655074942965008
4
24
79 4029236557928969686
56 4356239347874604731
71
6 D
74
31 7017269367349037116
56 1541891373104502666
57 D
59
75 D
73 9001416919401452854
11 8363851166820792567
15 2100169352365020797
5 3915164391964990899
43 4800077494281855370
57 D
52
2 2406512099049283536
2
98
28
35 2848226513525381932
29 7885336381258041667
24 D
48 D
33 3186187187520826893
93 3319229482146564336
74 5962778402304190691
73 795238943221432415
64
82 7001382880428228185
68
84 7085476850260384018
19
62
71
24 D
73
9
16 8622336612728719834
93 7261640052314193890
6 3917474712906496977
51
28
56
72
26
12
95
33 8079874657184902268
58 D
18 4505950606239362458
54
35 6337870473847819166
75
26 4455831848387546086
67 4208487065247997530
31
24 3046248171585902966
88 2599844126264802474
60
83
61
53 4428728024496834390
83
87
72 D
14 7110944624534830847
94
98 919963657627394668
9 4789027926655908542
50
40
73 D
17
8 209379238797873272
76
43 D
85 816536935787426622
89
49 4999840225460766762
57
87
59
2 954270768214331490
77
47
84 4075318139313229189
97
88 8994260877596967
58 3991792125473968133
49
73
67
48 676282277840499318
5 D
79
13
66 D
69
15 7124885655168674857
23 D
98 1779055663559240030
49
37
63 4522190179010481775
77
66 D
0
50
19
36 1554578199751745466
24 6277872141245093647
46 922877414855822216
22 3626482762310879195
14
28
54
19
69
14 D
90 5415430716591728669
64 D
47
16
61
90
37 2453574751681618541
10 6076428018586967358
37
89
97 8056328956611047610
29
36
38
98 7279545749227635034
50 154288528307105197
4
14 4661295955172288754
35
20
11 1755272991616563967
28
34 3678052971913920278
67
78 7739920123650265766
1 933556443359812536
50
28 7135820587150207698
90
29
5
97
59 1868211905876720109
88
81 3791689329908908241
52
84 D
62 547897123665071256
72
90
8 1572270175143208741
31
98
74
68
96 D
67
17
55 7919209213533971015
30
50
51
39
93 D
21
61
50 2588481342709521889
83 8953000102031741632
17
63 5352023909762198443
10 1960877273903276430
58 8434430087916302936
63 3652339994263596434
60
83 D
3
35
33
42 7370116653586278405
43 5502696209341942414
8 8466726332405881818
7
44
90
60 4167081169171838204
42
2
14
54
36
78
57
93 6470499123325677005
1
52 6401571767962311204
95 7070999516046576211
99
64 D
68
2 2985218827871470687
51 7990289651377241068
75
12
50 D
71
36 3498043987109125704
63 D
97 4420294208563144899
1
66
84 D
48
58 7137670832310643904
68
57 D
61
90 3945346837605516534
75
13 D
94
31
37
31 6288777323575416417
86 D
40 8823199974879506507
81
67
46
18
94 5564679493867483091
80 279876686922565739
91 7553459155117514288
38 1427676984211705862
76
52
44
6 3566718507994628030
97
40 7126394311703807752
92
71 2954864199177654143
86
80 D
65 D
94
69
11 2632628616823152192
92 1592750730823805598
66 1141725392904200175
51
71 D
47
4 8506358715145684476
79
28
30 3608319560359740059
73 D
29
26
0
64
4 D
49 2634343011328249657
55 2032765787302522743
1
98 D
100 1505282540420306463
89
83 D
33 75055740201535973
41
27 8132340567480070509
54
66
46 8950386642481126433
9 3927376080276299643
12
15
30
65 D
20 1425916762863268212
84
5 7419039654386759813
30 5584833015382763045
83
82 1057965254583507826
82
3 6684537456581262418
6
80
66
56 503608020817036566
54
39 2682445098727110719
20 13561312824790380
98 6280901316215210543
0 7359325656778504287
28
56
59
50
35
66
97
45
62
52
95 8896524295915125959
34
61
74 4048339275893978028
71
70 5714264935661556255
31
47
0
22 6729647190311623783
54 D
7 574266675497995841
2 8626858320775865909
94 D
17
42 6922549100797043997
55
67 3622984717880858607
16
0
68
71
83
69 D
60 7632009794295914221
15
88
66
77 953293290426309244
58
64 D
38 4115421828031526668
19 D
94
52 3440527183549602114
97 2050619842585655558
96
35 D
30
42
87
64 7730919404843838367
46
85
48 D
100
48 1927141890545511684
81 2759765183435314252
79
55
61 1906768468851965860
76
19
96
11 6481502766492812149
56 D
98 8402505572667972782
2
88 1762185239633222263
59 3244504276759844339
84 2913916037180853802
25
90
53
47
80
3
65 D
23 6433456795197134639
63
86 7043787622123788831
89
25 3954280063015195625
51 D
86 2566358050565270640
34
60 D
64
88 6717056590928029070
39 D
41
31 8222001961430068671
44 7134499590690315461
12
81 D
81 D
19 D
16 4104042799045610660
3 5389810273567722210
49
54 D
16 D
55
80 613974220368950457
74 1240659655086310084
16 5833533258649604368
75
83 1686800831368505954
76 1953124874329780182
54
55
20
3 8993197441059888044
44
91
29
75
94
29 5544199470400095136
92
45
75 D
17
72
40
46
9 130114738280517961
93 2874310652913126019
26 D
26 6314892049929351610
25
47
8
45
12
87 3947215769309598043
40 D
42 7086590439965115023
67 8541763010896495367
39
22 7929549757276388123
55
45
52 7858918255560501580
8 2966837882569050099
45 7800975533817620789
75
25
62
68 6763464329623416503
81
63
47
26 D
68 D
67
100 8908405451480137295
66
54
87
70 5519175288393778255
45 7307732150553160438
76 D
16 8746187681387446786
93
69
73
66
96 D
59 D
76 7677156649149449684
78
34 3479346281605476555
80
66
86
20 D
88 8380090331931446148
73
67
89
28 3947493200087365569
3 4651305735866636805
37 D
38 1997592301109712390
13
66
62
26
57
34
71 1417875441261923480
17
55 334594285132816786
9 8842339706053430728
100 3147409809180675640
54 2319537277921847449
63
97
71
7 D
72
9
67
62 2647861018059695542
70 D
51
41
28
3 D
50
8
99
26 7329695343286442541
57 271449990343764622
12 8802218470641391167
71
43 8268871108124952255
94 79618622694871886
18 8781716267710421722
88 2280867772665735862
82 722959123981668506
61
76 8005341609245831209
66
74 5366598567907754750
27 8422798083795681849
87 8251075158438017520
46
26 D
66
87
63
24
38
81 D
76 D
83
98 D
3 D
65
91
51
84 4125327078637221996
11
90 D
42
21 D
48 8452468448185194990
30 4936563610496741222
43
75
64
0
13
81 2289880407672489686
67 7003568588992751614
11
95 9028911220439666583
59
38 D
86
58
52 5252231177499187262
74 D
94
37
64
77 D
2 6027620399105993985
100
49
10
91
8
10
46 6659664282231257508
14 7250145850907652728
76 6501490822781425110
51 4350848555796082118
25 6432041316624050722
42
96
54
1
60 8660493797529853483
24
61
67
36 6825645480339091454
98
70 D
35
50 7253524763000329137
64
35
74 4133379420061714124
56 9120920976175162700
90
66
10 D
35 9105071810580668841
69 D
41 3146884360587471647
52 D
77
81
46
98
2
11 7709478458096821515
3 6975742693657505888
78
38 D
64
60
74
71
4
80
43 1852509212335079331
53 3249273744586022431
20 D
30
99
16
38
14 3404358440307771435
28 D
69
84 282413911536790856
100
86
9
21 2876851934882713882
15
37 5038608847718032846
74 3467611042018599181
24
51
59 50356449097318210
5
73 D
18 8631341132946604709
47
73 7855057944881679107
21
48
57
95 2379663632007503278
52
70 8904521644523571629
16 2242705916978666819
45 4777080856264758639
13
15 718243368710509886
95 8735242165910343436
41 9092783827063256507
8 D
98 8586260257016575584
26 1092111593963565480
81
61
66 D
30
83
77
94
76
47
77
43 D
39 7982916510259444603
80
31
77 D
94
17 8950788024355134292
89 4547032607156620104
24
66
50
1
62
46 8569389142198404584
94 D
69 D
36
37
91 5493312217576078948
70
49 D
15
13
51 877818680445828609
23 5200691674353149408
39 1222752463871999782
73 1433102863730127633
2
47 1793381513395772933
23
38
80
58 D
60
65
74 8507041581593247415
70
3
70
68
10
68 4343033303589004253
18
37 D
33 D
53 4513843221066296347
1
15
64
89
92
62
65
79 D
78
30 D
22 5077168686333609139
26
69
98 3100860855555342248
35
12
61
14
23
23
64
38 1849023185204912035
71
11
28 1150325290524367445
45
3 5991971162313306361
66 4208412532341069129
79
39
91 8038456646181927965
98 2304992685268277347
26 5062900264017449566
92 D
48 D
69 7781282915829536577
76 1109445825428250857
66
95
0
9
81
87
69
87
14
98
10
95 D
11
78 2359866157041481824
25 D
34
55
29
32
40
34 4091321494861492487
91
83
36 7826911484631795827
80
0
78 7285244332424855037
15 8371372027080519028
4
86
67
5
47
85
45 107857344458823674
56
23
62
56
58
38 2690399895632624185
46
9 D
16
100
53 D
68 4201742863292745482
11
99
97
98 1270483572747628430
38
34 D
59
1
5 D
18
16
87 D
39 D
45 D
29
23 3947939879583885837
2
25
42
8
76 3285947903711556032
15 8294002396050153744
32
76
56
51
9
40 4972040308022358139
15
62
1
29
51
5
60 5780949054947137117
17
24 732360097897696801
49
47
50
36
3 8758676905523857611
28
97 4108933136159460084
27 1684382224244229318
75 2872939185503867631
38 1832629494580431595
59 5399718879536093562
16
50
52
91
1 1723633645048559020
9 7074948113655792718
59
19 401091773302097996
42 4462806050598097528
78 6709097076116304492
60
30
67 D
0 1839931837737659843
10 5701788908421661532
90
41
38
59 5238604601383115911
60 3947619761319640826
21
36 1888553140648698620
54
33 1788164501691768520
76
25
25 6924415449554648479
34 3714921667339056091
94 2881490221402795020
89 7544422477818852635
49
81 4969670561793215616
43 D
8 D
37 4734393347947600511
25 1984882523094295178
86
78
44 D
9 8450368264139039672
47
46 9098252778602376325
73
5 7949628101678294368
85 4002990017613370291
63 5807617068508508701
37 D
12 3939205679432882940
48 4002773056913487506
44 3441750430891609037
11 2676108002689391011
36
68
15
76 D
42 8465706023907786227
44 276972589714501791
43
17 5420844019151775362
68 4961835753755384927
83
51
72 4039264553321907675
8
9 776744403160355544
29
30 1498951145807821597
33 4353086430908136219
56 D
49
29 7779255551782440439
18
37 357284666249193251
87 3195542728722482027
94 4464458527627764127
43 D
55 D
55
25
25 6690349694063561394
26
28
0 2244578711881609022
41
14 2048712419692082614
75 D
99
77
88 3032200638314374366
79
53 1928690723198831603
86
31
74
4 106629040605991029
64
31 D
59
80
54 1412019468385217242
69
93 D
95
47
55
17
46
12
18 2882902147479360545
42
95
10 D
36 7245123986585419935
88
72 D
28
98
17 8647770457899327168
3
89
50
79 D
68
0
74 2200899644898537796
26
48
75
77
58 3407738431578563285
34 9024875163002892775
35 5669006656812604152
15
100
88 4750109710843301539
59
81 6089827601786497153
32
96 3236735922488253516
23
58 5279853882721704424
42
76
66 7179597298969155382
68 6502541859063122963
26
72
23
92 6795019970034178575
95 4538628549665538882
91 1868165592505330483
28 D
62 D
57
47 D
67 2502894698171555565
46
31 4122622273961718236
56 1533161391723006769
1 7159703252282965271
31
37
10
14
29 D
82 D
12 8611102465103051803
45
52 2571906264869228699
39 4850752160336193242
68 1688339787193394579
10
40
20 5071107344019912507
56 626883072067320319
99 965063662969978620
74 5671578766574600496
80
72
64 D
32 6353386937060250529
29 2764894911989717911
27
90
82 206378583329473392
25 8064756552110385232
29 1391590179377782290
11 2032299617997220252
79 5174693460012824662
82
90 479819061369145744
89
98 8151332486518381162
87
2
29 7074996141050599715
30
18
6
49 5636009322475190549
98 7743860100253944924
17 8949650387729601861
65 4401405492501977840
45 5507134809691440544
1
55 9183108363849049182
21
91
30 2982149763046224381
85 D
94
90
99 D
94
0 2856072382183491462
30
88 5326324937966100669
82 7588880457113029831
3 4645778116574042
34
66 2937204664128462648
1 D
83
58
28 3294624024103297226
23 192525713420327226
23
76 D
40
48
66
81
98
25 751819159065116503
20 8732430159639788562
76 453941930472348586
43 6777545962610730596
28 8121278703190767736
49
30
74
67
64
3 4376681752207681759
64 D
59 1232870726676175361
89 5338140197801423178
31
1
82 6408285237334191320
48
91 6298480463788734574
71 7469654792904324366
23
22 1546155911920997858
95
32 8772293808051103176
80
74
48
24 2868005260977905561
65 8335722923445668970
75
78
50
2 3341272540396359140
33
43 3052854178873446021
24
34
87
87 4249066971702392212
32
10
47 8647874685507897361
0
94 2137300108879978217
49
16 D
76
89 1749846851618648997
80 D
11 3704411678071111111
29 821615076689415202
50
40
26
5
48 6077482952416954850
29
78 7491399710665248455
15
29
51
74 8129449875860145114
41
73
12 1669277153682076121
73 D
69
52
23
3 D
44 D
72
9 D
90
51 8201994843219201427
3
1
64
99
34
79
40 2498234355006484347
15
31 D
89
22 6696464725966981319
46 7661900184007834107
97
100
97 4078195224307208767
17 745809108166968914
40 5234812217619903406
54
60
85 1683882652865287327
36 2724107325523884308
72
58 5903117302037106292
84 44019180226030541
9 267603083551774701
90 567108399287453296
45
90 1964529017808398288
54 7960437161366306416
9
41
48
31
59
31
16 4785009290738442436
8 4939789196744077688
88 D
98 D
33
33 D
24
9
38 565238299722441241
82
90 D
53 1917824262339045322
19 474495715021607862
43
5 2612621762097728014
5
45 4035606952001810484
28 4047043045128660975
78 D
58
88
44
31
55
38
44
16
89 D
86
15
6 9175635695892589555
41
88 7701284004153685534
23
72 6812113346205003653
73
41
46
5 9110409536521323565
35 140030157899843746
61
77
15 4396291917989918567
64
4 7607324027525749228
93
64 923026744969874099
46 3477654128020922309
0
99 5941731967509557287
48 D
83
7
32 D
41 D
49 5087418642889137853
24 4853825397215891592
99
85 3825228782944912638
43
78
60
7 9062231484157841920
75
44
39 7455270128386868363
60 1979077030834884094
39 4905112009300152409
2
68
83
57
85 8339375460169282126
52 D
25 2468855833546731973
65
99
91 2510634182385007780
61 4733626175329828472
80 D
42 1563294360611906580
80
38
2 3305666341145228264
89 5504651275382786548
66
26
73 5087975067213519565
59 1019946199361025114
27
100
72 D
74 4682137323390289007
57
66 8502796547497396129
96 D
68 1760810048567255551
6 6463615587014557465
39
97 7125466360797741404
30 2582731744592548394
40
84
93 2246299053580493786
37
5 5223959957412937553
49 2596966686531218192
6
26 3660602193179042588
37 829431176634495333
35
81
32 4725523834601683953
40 2454094443212039586
96 5520672987079717738
58
54 3887126729262664508
71 D
94
3
70 9193551807370264086
3
49 6453782729658275029
28 5008781294740920744
38 D
20 7914186379506268431
81 500256521239476862
23
7
45
97
67 D
0
61
60 8104624496822617905
14
14 5130342882440366990
72
46 D
48
28 D
63 5320467985374722468
86 8204778005362603273
46 1385986340208735418
40
11 2815629809120097618
13 1201086145138512168
48 3629189534057151775
90
94 8640235238836881936
33 D
3
96 D
85 D
10
92 177862225259377198
99
17
55
4
6 8450619812078088289
95 1013126496421231718
35
95 8054260327968453819
57
24 8160031536846849574
17
94 D
13
32 8445531313567436579
78
65
83 3998745405717845593
27
71
49
8
55
51
52
25
54
7
52 5265177534620220384
40 3959160698179658939
43 1762324059221391076
98 4255444668458127198
13
62 8042478399791469902
84
54 D
82
37 1288842541657681369
60 8703562827096859020
2
34 2924793328723648074
7
85
1
85
27 D
22 D
29
48
88
56
58 911071967294182095
1 D
51 6202873999211157155
93
72 D
89
10
55
34
79
42
39 110836408910338897
57 D
14
62 7636076947296051279
9
76 D
76
26
8 D
61 8651102578470614475
4
13 2626845982555693931
95
43
78
52 D
21
100
58 2026455874038557656
15
60 D
56 4725946407943945331
14 D
78
11 1884920608741242888
21
13 2574560611914618996
57 7943417480223899507
70
33 4901619678828253984
42
1 D
75 34369280932701129
56
46 D
5
17 D
49
17 3461104626026410808
18 D
31
72 3023706799166818282
50
17
83
16 810721380893436343
5 1911369998962736237
79
27
19
46 8044896541067179501
48 4941120076863742519
95 5088628605312457416
20
46
97 7166402338047257589
65 8887587683181299203
80
42 D
3 D
19 828016656444477706
82
59
35
72
56
22
67
59
12
15 3591157069025804396
75
29 3292621494651570399
100
70
90
36 D
31 5474121245957370678
93
15 759487636889051472
25
47 3923162814618732319
19
18 3932057114281131979
8 8941986027112471297
66
45
86 1201661667556623114
38
19 D
78
6
58 5725092441689258450
37 5725187397666928474
12 D
68
55
60 D
97
49 D
84
97 D
32 8686737114307111080
98 D
31
36
41
10 3430022993636680267
64
98
5 4165450442759843623
71
10 D
45 6435749419612395197
10
93
52
5
79
1 5540903416746727636
7 D
12 D
97 2352731375513505947
59
20 5147490321745801060
91
87
52
14 1526469531528977998
50
79
84
22 3916842670295570207
52 8087692274276924766
79
97
80
40
78
27
59 D
63
97
91 2701967835247418687
57
22 8060553128794409354
37
63 5913176665846843269
73 4940835049508235173
29
12
36 4665940339974171542
22
32
0
82 7733445164377993964
19
47
13
43 8604727167381463649
60
94 6309542107613424180
37 D
43 4321421053708191353
28
46 5822026983900998530
44
12
52
62 2158404936885139819
86
85
13
96
24
73
71
19 5695416507636682590
100 2684517236965311791
62 7583309041713908678
60 279571205937826973
6 2195769080200385247
8
81 1354299844877175475
98
76 D
14 1691650526236610488
68 8210790013474340085
18 6720368239463455039
81
87 2246038875665951118
55
22
53
57 535875512365365957
58
85 8765810006742296198
19
37
85 1590248482951314971
13
96
85
84
37 7909354157816357653
92
11
47 291614244319151817
58 6731500572879766668
40
56
12
68 D
98 7612113225810681075
1
14 2431565038489001489
4 3102177050243870427
81
38 8834757216232196867
18
12 D
31 356519296364704186
85 D
73
95 6609980723626385136
40
63
5
54
32 247978479945283792
17 5311247752762647035
30
17 1520493623910934409
28
38 D
33
69 2581364539813842269
5 D
62
94 3395328481056290964
67 665192162262895064
46
26
73
30
43 D
80 D
42 7144388479172399156
13
30 9091844710966008258
88 8452174916810511759
80 D
84 8931126708469964307
20
50 D
6 2958557294659357479
29
27
85 D
67
77 D
47
42
45 5311210356601372732
99 2406218749582662865
71 5214014663157704459
98 7916932563500320606
19
71
89 7578518242272831921
25 D
22
17
3
34 5134829112239499779
46 6342780401339924736
41
80 8574482370828758025
74
98
56 D
66 4427267039735782583
25
75
51
33 5673985381319525555
63 4874934200811281101
63
46
40 7175495702135885433
60
37 1626368089398076072
54
88 D
45
40
32
52
10 5760045669827268718
57
85
37
7
97
2 D
29 8161396786586469147
87
11
37 377152965124767873
33
30
39 4362149055812237154
19
20
30
42 D
64
83
63 1321374576090374025
83
52
86
7 D
91
93
31
61
97
99
50
66 7824880587607054395
30 2711844320222242906
23 D
19
97 4623033148156062136
74 5670098078767710896
85
60
4
60 D
29 481375354372596830
14
15 D
2
83 D
39 820128696528975952
57 7062633164174839408
62 6527688733052459330
22
73
34 2720355155574984971
44
50 D
45
84 D
8 7883250136316763322
84 9137997414126858329
71 D
13
52
17 513714791681105445
95
99
42
40
42
77 D
33 D
36 8796258309231086623
47
52
37
11 D
6 D
75 7314053328547229630
25
35
33
0 6180930056525401429
14 1477806210546583497
43
91
98
84 D
51
16
55 7447753849111600907
98 5706671178738986774
35 5855976254510672445
26
63 1102473025572128532
24 2864592538757615536
45 5075927510883754857
4 4175411099401962990
33
60 1663558044082057410
42
51
36
62
86
88
47
86 6979686885271629464
24 1672682302185210106
75
6
38 4131997742405281202
44 8004812360854939905
60 1410240402624950777
88
7
8 3463088924169863753
52
63 5370533217014550201
36
47 315341800532069571
4
96
51
29 766296990256310530
37 D
86
24
40 8814690723965086236
83 1816087565522493866
74 2692169845793041168
60
96
34
55
25
30 D
29 D
1
14
29
92
9
94
70
64
79 1126481401642293378
56
84 D
10 D
66
36
57 4593044334932036640
17
60 5955933508444510979
28 D
25 5386110925088631251
31
66
91
85 D
13 2382649828452589702
96 4659570230513421061
98 4154973767040538404
25
68 1016175582857276525
7 6568809055194376785
86 3719194749132926056
1 7014741823971740927
43 D
70
49
54
36
66
61 2488568562448214661
32
28
69 1019154730653767694
85 3649756164372499849
7
74
64 D
11
6
19
37 D
6 7281672670994797576
80
82
31
46
71 4951973367899225982
91
29 D
79 5701602707672310573
50
64
6
55 1865490625084455527
59
95
70
39
99 1497979007076662554
75 5938525341716035695
49
20
3 2967873898683906781
9
49 4270909376308343092
100 6505373477720005892
8 D
87
72 6026240553154526593
49
31
96
63
80 5855438776483311574
72
76 D
95 D
47 3500033426224938663
99
39
94
81 D
62
31
39 D
19 6074552086033496334
73 2909040246791267180
60
88
80
70
86 8687520409735042758
16 7245978331221067990
90
17
81
64
99
1
73 D
75
5
80
35 8454048623930639528
26
2
69 D
60 6802447930683341759
67
64
84 6500406401956999177
49 D
43 4200297622683801521
9 D
29
50 D
66 4088657093067570007
58 3431716529257341606
43
74
15
46
74
68
30 1004875782891570593
79 7814191335720935320
61
24
58
20
83 3553728946982955320
87 7331711322417690068
55 5814934009280051832
69
78
9 6790929828111296292
26 6580874167874953091
82 7018268315764705859
85 5311293952001193771
66
63
17 4017900691858583121
7
11 D
69
31 D
54
39 5475813234521691936
48
1
30
59
43
5
73 332723393317152496
30 D
21 D
41 8974071765898870093
8
49
27
50
31 D
57 3549817480725748236
97
3
21
3 3672676222563967603
80
28 5163729989869203685
56 1333039156502454887
100 4948942582216387350
20 D
43 1996310415064994169
21
94 D
19
19
50
99
8 D
68
86 3549159484513663788
60 3323430908447356816
60
29
14 4162137983360920011
77
20
63 3199246966608251595
24 D
19 D
90 D
28
56 D
10 6702957894457073810
30 8487248772322772463
21 177961004755352927
38
27 5011588426666703403
67
4
98 8795991964901023891
75
57 8712475590332996913
8 D
47
70
63
56
32
39 D
57 3359064422306928322
90 7384616567546334279
26
90
10
95 D
54 D
54
23 D
12 3003653517809122420
44
73
49
58 D
33 D
78 3991276540065141375
85 5190184604617660663
48 D
1
90
66
61 D
10 4006701305423345012
27
69 708992813168156644
32 1439771657403282122
100 7614172830011938434
81 2422679388728162951
46 5208989399355966814
60 D
42
13
18
32 1194138103139299034
2 2975336942108141705
66
84 825993188178313120
49
38
51 D
67 6102894822956897426
95
42
24
75
73 340335242524316646
87
19 D
59 D
43 7417844841923068592
15
0
8 4895923042928200709
58
8 7031952077307734466
73
20 2998519650587414106
28 3185548889122429673
47
58
89
47
95 4546820966666662359
68 D
38 1890460865979210006
46 8533394289955093446
55
22
8 1152125199059135730
97
42 2533237720245954848
36
27 3072712522012977997
75
13
51
84
12
48 1135540707995287465
69 9027931726213997338
35 5592689827378426130
86
35 2375350787775931294
30 5007940770630097919
79
3
7 8784978917286470159
1 D
86
100
80
9
43 7332542901065431807
3 4882510206416393118
6 D
22
91
69 4383025815070958758
44 D
36
8 6203782536905239176
64
43 1301379534914601621
94 6255536839317591611
77
30 D
43
72 421351264885027249
16
20 4934137869236332433
44 6039459622530339525
89
4
23
75
8
60 D
45
46
56
51 9179121413870947680
18
44
81
77 7284960189669186509
35
56
94
9
12
78
51
6 7232318805647293522
80 D
64
57
41 8772275769422526635
50
54 3192805486157456575
69
89
15
12
71 6271001239514778394
49
51
77 1890417984731850764
83
49
89
18
42
86 D
30
47 3098895897566047041
71 2725555216046991268
17
84 D
50 9092631317080551665
93 6381329228312131021
23
18
39
85
29 3925335428959443582
57
18
16 D
79
98 2572935393811383752
38
52
9 6840362180047625447
71
50 D
76 3351680579155292296
34
44 7656870082394039119
15
88
17
41
66 3433703057059124202
55 415046322233094733
4
49 5758452785809019568
78
86
89 4593150563266612120
85
50 8170482530942320333
33
89 1699387485563174878
26
28 6998923704609312150
84
41 D
5 3030898931049632379
0
13 D
87 2172453437675430776
66
53
54
94 408590587256457166
88 3355066953842956542
9
40
53 7314276347487173153
91
99 4253538594887239461
39
99 6702069731232220858
73
33 6771632168480375349
76
80 518169230220915936
7
56
8
8
72
13 493762794303760537
3 2185315811078257610
78
12 D
41
1 D
44
14
26 D
91 D
6 3195352777960735939
2 1768251468871596761
66
8 5951379861211252062
1
58 7829669611620108386
45 5705989935295847626
58 D
7 D
24
86 D
47
36
92
20 6015364213204906883
46
16
39
70 4074695676148672834
40 7298917243262329852
73 2884162634993764756
89
69 D
40
83
28
61 5792763134228428565
76
0 D
77
46 5669556160628383932
17 7971091578213291129
6
77
85 8891099505148942770
60 5655445284375294569
17 4576844235496674736
76 D
67 3113312191701116778
19
77
21 4415305598688067232
63 4848834990120949135
46
59 9173788414959239374
50
42
14 D
34 880754254275156959
95 711437434724628275
87 3305893348567732164
10 489880800170991027
17
77
22 8916263443829166870
11 8395503701952820854
24
35 2154363456521254130
0
12 D
10
40
8
95 3057317394513363240
88 D
97
20 4538192558223085887
75
25 8003000838919362313
77 3591928456335532536
69 D
95 6904208046837119474
98
98
72
83 8381770130781107485
94 753334286374093320
69
19 4058631820816722606
79
21
54
7 5653038673433534352
20 D
3 D
61 3214652006608733985
96 1501117757358747516
52
14 3423247774585157611
32
57
71 306868609088204499
64 D
58
92 D
23
81
39
56
8 7047422802907722996
83
45
1 D
11
32 D
36
47
53
50
81 314832046623874446
65
19 D
35 5460588504644841093
54 5543630172787448793
49 D
41 D
79
23
13
99 D
20
42 932622241821619088
96 2790566183814620215
2
43
67 8316862121591351290
14 9140098820818514001
78 8406904024481083866
68
56 6030861802450928723
93
80
62 D
77 6952851067916620954
26 D
54
20
22 8794453423869684434
25
47
59
51
47 3622226107279020900
51
38 9135652875450308748
11 D
38 D
40
94
22 2358417640586345926
66 1699576777045573186
55
60
79
36
82 4920326872890501223
12
38 D
80
15
60 D
49 6412534097080377308
47
75 2724688292971460511
71
80
52
39 D
8
59 8024525917654054395
74
32 192273421900316593
22 3363874932399354768
29 5086122908686043945
48
34
39
49
58
60 6971184137746096425
11
84 6237592550043335386
91 270694657349769818
30 7628573880436563507
22
48 8302334467896037613
11 D
78 1836125766543727790
56 D
26 4758398938313549199
23 8922138340118848278
42
77 7797019149631485511
19
40
64 2875352184398288090
0
86 2641126305712774318
25 D
34
97 3851612509056149081
80
58
74 2755981372230504195
31
34
88 6800651102543258191
83 788723505255755406
88 1073578056240829072
100 7138032662966593524
46
54
14 D
18
49
5 1818586873066044221
5
29
62
37
17
92 4042869695909073632
40
17 3501720807855691350
79
59
51 9067555349569514917
100
70 D
9 D
42
41 1093443214940828998
31 D
66
43
50
27 D
44 6520178132065703329
85 D
34
75
18
44
51
0 8943750811151005736
16
3
78
15 3989577829278595117
40 3706859563254312552
7
44
33
64
21
25
90 1616308292579786798
2 3730846200239060738
66
86
50 1276292296504666934
24 8838607864416176376
7 D
21 2652443212987268170
11 2867729615087715445
54 7800754571861957355
41
21 8125200474813594958
93 8913733188952075026
57 2007011715608891953
26
75
56 1228062219525591768
90 1055032821377319639
94
99 2422744926414354842
10
90 8814059668762633264
8
7 2466525102694166047
32
38 4649337493271726342
33
46
9
91
96 D
15
44 8552523620483035106
49 8060868894596508186
79 5662550933577447589
83 D
51
37
88
22
16 D
58
22 D
21
92
30
38
70
5 7312531277508080214
46
32 8212810873091038580
28 D
99 D
52
4
42
87
43 919736175558528289
15
48 1524176701062573007
84
52
17
95 6344901734536508627
94 7301650937163022847
71
30 2359478510309479340
31
32
31 D
34
2
38
15 1179471921329775413
17 D
65 7171269079362839857
44
77
21
7 D
9
77 5158555927104977470
92 594124577725639397
89 6464382343319340874
40
42 4977873530457471125
43 D
1 7360429534587057021
5
12
70
51 D
22
68
91 6276807487804049291
63
30
34 741890088154705219
36 2494309879465960685
1 5576472745163868445
15
29
52 D
26
15
94
10 1610537433690628777
76
76 1878454446368886817
82 98085206890052109
87 4136360478294436591
57 D
30 7773735023629793418
44
58 D
41
8
66 D
83
47
15 9167606893311153748
68 2670423778989014696
57
16 3325975641716642743
94 8947529594947084086
54
34 6676167184849859750
53
45 6453076834717747731
44
27
3
31
19
81
19
90
35 D
84 4344245310192396173
9
74
45
84 6952592342770224666
99 6592892865900287038
31
86
5
76
11 D
91 4209404579175756620
99
98 2583150570470402370
97
94
37
33
26 5336036082739221401
87 7393239031094746758
99
74
81 6948293680292619927
39
81 1040149293465658164
66
45
27
61 1740313362032231219
46
86
63 D
21
59
47
22 D
14
48 3087793379610006224
5
39
100 5394442630005297330
28
15 7154995308912968720
97 D
53
79 2316647210104138493
66
4
8 4494520878062854253
86
86 7356070702327526598
82
83 577670256626288452
94 D
62 5470867239171358659
9 2953951490413684838
53
95
62
56
26
18
25
34
46
93
26
92 5135408721481226430
72
71
70
80
16
82 D
82
68 5824538503927873591
95
9
20
33
90
93
40 D
66 D
75
20 3015543173257795434
3
54
78
53
32
18 6019031922326090096
98 808041432077276924
87
42 D
25
34 D
98
98 8935584684688948467
65
93
8
3 8771671787640366897
35 3299446021714776234
87
78
22 7445612284790538470
78
8 2327287363392512259
26
84
47
67
94
24
95
80 8149918692605863360
68
47 D
28 D
61
76
67 5842367965039118481
88 D
67
62
78 6882347277315699375
14
38
46 1317155331283740163
14
16
36 D
35 186512325246935168
57 7059995652047063918
17
65 4913543547900686686
67
10
8 5507002721217621336
1 D
97
7
81
81
100
91
45 D
79
42
18 35255450173050010
92
47
74 3380192160183440414
29
25
57 7799956155703297000
62
7 2960218755560593292
53 1101897574029458466
47
76 4745863366150271832
95
50 8684410925680141598
35 803493672460407091
93 D
94
74 D
28
10 8150120576657355398
0 D
73
47 4896602911924252398
47
27
98 D
34 5877647242497633388
32
94 1436641650336451773
0
62
19
15
27 D
8 D
48
76
2 3775148028563921245
68 D
2
72
8
43 639663391186700303
32 2504669776465580339
71 5155245805427071765
80 8468979020859658711
26 3112241016869377958
13
70
15
11 4340986848035920931
99 564059197985625667
48 3273520109918977999
77 3209158903362734992
35 8621596575675650831
21 D
74
89
85 6899634057306178287
68
51 3253798279870396868
90
88
7
84
6 2861301780770762198
55 D
26
25 3822282268280590697
4 7550542798985545083
61 D
76 D
59 8390585583441390778
94
16 1262796611020032801
95 175762560751153317
29 D
29 D
26 2164316026817275276
92
82
21
95
5
44 7316569546954321506
69 2994086577873331931
18
61
84 2111578678008066310
45
69 9085423797945472323
73 D
1 D
93 6397353693684301632
92
34 2971829423332292796
73 D
76 7402587449479840931
61
74
51
73
80
12
20 7529189268175903098
54 497658864226408755
37 7458775029924423627
100
36 D
1 D
95 329578328428622951
35 D
48 2251510035706382323
89
71 D
75
93
64
40
63
3
83 D
5 3473174218049767296
86 5180490778351080027
95
90
92 D
79 7281261535726870843
60
13 D
66
7 1984210753757519262
87
16 2507419410916188515
100 D
69 D
89 D
57
91 2795487979907116439
16
40
80
45 D
24 D
67
0 D
17 7862251067963740061
68
21
12
9
28 5821635822627263218
21
87
57
95
80 2558428739170653152
95 3061652334558606151
97 D
76 7091861326366737847
30
31 6893353588710469091
17 D
5
14 1216040044540004082
40
72 D
72 D
84
54
90 D
23 192839569279483569
82 5626074813326265800
72 2886841258429343472
83 8701543216433322152
10
26 D
52 D
44 8389114045146373697
58 8296916839857224582
61 3844399526035104395
47
71 4691916131084160916
23
57
50
87
53
35
90
63 3414377249332283869
75 8804168575968475116
43 5012379875193884265
35 8967817644114927939
79 6966556502633361672
4 5610776665920994631
80
97 1004099907447910875
55
93 7632054757137425300
4
53
66 D
57
55 61021209208071763
69 1254029787380500005
10
42 3423730039932109404
56 D
56 4935430901537058423
75 8409115194249912956
97 3556630023348749750
49 D
71
39 4385540730709117874
49 2690695088090992318
91 4243959451465749729
76
53
50
31
87 1447779390240742117
90
77 D
15 7377958342427632907
62
43 2694521931752051123
17 7244183965750114567
49 3095540671891123306
39
16 5732953220646585388
66
85
69 254549755443546747
83 4923054373092779676
49 340340765372769704
55 3198467105694039065
66 323920517104402709
68 7319045929008515924
69
75 2006991221013265982
64 7311886468971118270
7
34
39 1220300200754551031
27
65 6169567061804937640
87 123597110075400028
57 2659351704971161226
1
73
98
8
54 2447655777607403255
40
14
86 7472515660630109099
23 52093163261373452
44
19 8453441271739063995
63
24
1 3852593014349768057
27 D
93 9078364099159928281
65
92 D
44 4298295256991574535
30 381876402962067605
55
20
70 1687661292988608762
27
8
25
77 D
53 D
11
15 8428552339748023949
95
22
58
0
33 1049394246920504062
20
60 5817861708975373339
93
88
62 1760180168205038745
49 5848131686693562507
38 D
94
50
88
21 8564373556437002789
41
32
65 D
67
91 3832807469466734361
13 2542622000782371508
46 7824795197459159057
71
91 8164356340381419291
71
71
1
6 4578040388705156913
85
67
28
25 3230196349402037436
46
99 620720391543418315
100
42
55
78
28 2437411982889581161
18 565245371545805528
85
14 2946808816736039926
27
98 2332791879613860877
50 D
33 380601882057507601
88
84 D
27 3745187377764634861
67
89 6710452046617193439
20
42 796820088463122482
36
13
99
52
47
86
20 D
90
56 D
64 D
55 8285269847768537917
65
86 D
29 8520067267728559720
56
54 7610422516314222093
91 D
58
76
85 D
18
19 89474361080949804
94 2009406486390223497
49
23
34 D
5
63 9157158644765748306
41
59 6372485675118434703
13
77
50
4 D
52 1066211540414860695
0 2507697978844660514
25
73
29 4901347145434858300
7
56
11 D
87
9 2409206425123004383
43
90 3988108944542256630
80
52
89
23
23
8 1099931896470122291
76 8436478127881377197
57
13
38 D
51
66
96 D
100 7448552306039304910
68
7 4392534958039765056
37 965690260444886310
40
31 154710159252838395
72 7057210100196376863
71
57 3013419178106730742
8
1 7646913540928117668
86
83
46 6201327395388482228
18 3998664798536302353
95 1640109421291144285
84 2618434969817432415
76
54 1884903116542465338
90
49 8772062978916403052
61 4223104328195169757
31 D
10 2481857095613750254
91 7170537694077871313
40
55
17 5286319182227626929
31 D
12 2287428370091261309
90 1846449305676327093
13
87
39 3375591764618291862
52 6864380956577006747
7
50 8070202406278492771
91 8642870805356012634
56
56
76
57
51
1
96
23
56 3133999203199145561
47
61 1492470874713766820
62
8
24
72 2662717588843743102
76
12
54
35 D
69
29
59 3699728927023786194
64
31 1774006411811364108
86
43 9040198492833029908
79 3034325913592724815
42
26
84
90 3797632754427238844
69
57 5038453610021011671
43
80 5970056419725965308
86
8
7
50
76
36 1390120743368022034
58 7712267571925131444
35 D
97
44
87 6773827789835288045
11
62
75 1928150392762659115
93
95 1940763489551921928
20 3125097379246011302
82
12
60
39
42
56 2337118095303250438
59
90
51
95 D
88 3481486874148619494
39 D
38 1731870929866428634
22 1383553540958705236
75 7389306774879721237
20 6567750500561079650
93 5056552063351146520
14
1 2898967767068564960
34
42 1067880611938410959
4
12 D
92
44
36 5800231787865667192
86 D
62
39 6167177351397843110
71
14
44 7899446110035215266
94
10 3352593834739839938
64
85
30 4685081496848204123
71 D
66 7600782686508249880
81 2080142926107579781
29 7333332994876987568
88
77 1958886897119128938
35
54 7850595349660467099
50
72 2249935816954582108
65
78
66
14
11 6539965160839513445
59 D
45
17
39 3425841814687920513
59
43 D
86
20 1498347698585974743
46
42
63
81
34
44 D
63 D
18
100
42
88
24 16786871255732457
80 959234411955139422
91 D
48
9 2249847867486502816
4
60
88
34 3899472024423843224
82
45
63
93 8325168260162404296
94 7356625005446319508
16
84
57 D
45 D
19 D
19 D
59 1975977254927008491
84 9177598222121881777
6 1850750306631615889
92
60
85 1094587234138878257
26 D
67
6 D
10 D
21 5158384499784775006
68
36
80 D
27 D
20
41
51 1431454383360383375
77 8644928831569927809
56
0 6433992352814387521
12
30 3468020640440334343
38 5418082342363674042
41 D
50 6350428793754911332
65 4193792040718670985
24
65
13
27
57 656418044038717308
33 8608874507544443505
74
28 3618551226860542583
4
38 D
33 D
97
30
11
19 3434726851737540556
95 2837106860479829865
41
85
89
17
58
52 5709424501474109548
24
14
10
4
81 641363158058787014
70
24
51
80
10
13
95 684277711829512109
59
10 D
87 1775812497697058969
37
69
92
70 1441724955283222650
16
62 217510137075925617
53 3137827137779299904
61 2755125727550021546
42 8276237358104776854
19
54 3984606752665055364
92
22
18 D
88
39
51
21 2082396621807149450
51
62 8984848626735440885
80
68
65
48
80
85
45
10
48 D
70
95
65
57
95 6259841599836200264
63 D
23
97 5511669008862968497
24 D
43
32
94 D
46 401320239135890938
7
57
48 D
86
32
42 2384422653655787777
26 5385792499605052098
61 8134946728420493170
39 1773356964404602053
64
17 D
3 D
85
6 852242612962774944
48
0
0 6469328163047795482
46 D
19 D
44
4 8811312776268472167
65 5354954911949024271
59
6
61 D
92 1503139276551417305
30 5970405029283430800
12
66 6755242244969183305
20 2234186965805552481
4
24
63 8651522927172062263
99 6502545135770031176
42 D
22 808269234502451167
5
22
0
66
39
50 5079515390843770613
9
24 655190907740518872
47
10 5192657223044795547
65
64
46
89
7 2721779011864797542
49 8653857360047392131
49 D
30
21
75 2459707551621085556
59 D
26 1581664878905072100
5
15
70
3
79
37
78
76
15
42
58 349763400906969066
65 7186288193622100588
37
98 D
38
31 D
51 6857659120908328630
8 8226084299294742438
90
43
16 348920341545203841
80
58 3875385039893030507
4
54
82 2053071783487874736
86 7146597860817837276
6 1363145363484618476
89 4398632210995062900
28
100
24
61
30
81 7979658461046674241
60
40 5146565952444186946
74 D
77 2137081201732777167
37
97 D
11
55
0
15
72 2418938642471477993
18
95
73
0 3242540361341172722
34 D
78 1665947305455000910
47
88 6937550348167186141
62 2679847169685652287
80
33
86
83 2990200388928040631
68 89111611236648370
27
90 3923696412810055571
95
37
30 5878219151674993965
56 1432118232925532922
67 7215193939529845661
43
87 928474579805605809
54 7707272552504009915
50
97 D
100 3327676200374849032
80 5127481053878130315
9
48 2498005426679958340
69
22
46 8294954692588489678
46
59
96 4865885493814714408
3
49 2266058321670166327
36
33
25
57 3436726642056236955
73
98
14 5903888318209183296
65
57
9
50
35
89
95
44 3509624006040149925
46
26 D
57 5430719594922867072
70
51 875888092420389919
68
96 1801657070078560503
59 D
7
89
45 637675364756816321
81 7642094924568750884
51 D
15 3013894279384067217
50
90 3811040008476819798
24
21
62
35
13
69
8 1312202078227933473
90 6688511824443232156
62
10
88
96
30
10 7623288126712895150
85
92
90
17
92 1072922222146643785
92 3965835863939139248
90
19 8289315077755235437
53 D
64
17 7149482136024801877
6
87 307644899806636680
7 D
52 9158431865988479382
23 D
80 D
44 D
20 1716339131126371284
89
90
43
30
64 D
17
98 5053780679124953811
67 2536345333194055709
67 7497274951501326795
1 2969353776156001295
93 4517104438176390977
27 D
32 4727139476786031294
72
98 6746887705189725286
2 D
71
55
99
99
21 2616961270829575017
8
24
37 D
64 2484890827941743296
87
100
96 1490420506639313505
63
90
0
52
100
27
3 D
46
67
21
85 936064804400679554
10 4944240028173732800
7
98 D
59 3293393253888849471
77 6064954194185000380
97
89
70 2296659676115503557
66 7644803856102914050
99
12 542122577733536521
16
23
93 8897069208813050948
94
40 3156794470553211757
73 2352292651477026543
20 966842440075303519
75 3694782693023464952
95
33 D
74
67
52
6 D
34
22
77 3972753914117809451
71 6238346407151227700
41
100
83
7
39 D
2 7932700067040696760
34
49
55 8580967880158942112
94
18
100 D
68
76
28 D
52
25 6038229631891669867
92
93
92
74 D
11
28
6 8330664591113472387
78
95
25 D
43 7576871152464562880
66
80
34
32 6805442033010737049
83 346442872622394635
84
12
14
6 8117805719059083139
83 7891773830020276565
26
4
54 9165923519804164741
90
61 2159641527195813189
35
96
87
72 D
14 4293283997419811976
99 5228757255302191527
100 D
24 8984026179731837832
57 3470433353962566137
59
0
35
25 6260507370045257932
100 541675741851343191
44 1563261792890362783
80 D
31
72
1 D
85 D
57 6590907882991278405
99 D
9
59 5745761513209857778
47 D
50 3743273167649124721
6 6087641088295600598
63
4 7017165878321299200
96
18
39
36
6
71
45 6390985755436236772
46 8127623764590821101
64
61 D
82 6388973335462912800
60
75
73
31 D
35 1503636795884705767
93 2330701333619593546
35 D
49 3762197354368720267
62 6976502609877202520
12 8534035286538709467
1
71
6 1689283532637698701
3 2034036219706459759
23 8085540950699255128
4
43
75
57 6379125283977342916
33
24
66
18
92 6236155487629239055
8 8701469865697302745
89
60 4030297698612328640
18
48 852728649350208264
51
66 73756060635158213
40
90 2345893537742340136
11
30
47 5515493906056417813
21
63
56 4570371540832119321
70 7810481961042762036
54
44 9034627557663020892
100 197256659823765435
5
77 6883366940226353118
32
26
2 D
20 1338218840713155713
68 D
98 D
58 5625340842166676584
37 D
19
45
76
62 D
43 8078791002451150323
30 4599176085939654035
74
63
97
10
42 D
79 D
28
71 911225154379703572
47 3417079663753101938
64
42
100
19 D
91
75 8544729322504714662
42
35
59
20 5685228164229649671
11
50 620766963813287555
92
45 1583027454018113723
56 4784075005466529412
87 6182689512260461828
3 7791502221917501340
44
38
19
62
42
97 5861748390517376392
65 6436085222298955315
36
39 2987005761464369377
15
31
26
95
18
48 4290405033131851801
68 D
96
19 4048243568439151842
84
56 283815302259262994
27
33 8969069604847399515
85 6097884755512310456
71 2902126907528908524
74
62 4438024636801565833
83
11
27 D
31
63 8908600074283415921
49
100
58
96 582409951980019061
32
15
14
3
81 D
36 D
99 8231881014090090989
49
63 6315043356664262435
62 D
86 1740599383645421894
94
47 D
27
59 1887377789454706590
7 D
45
53
50
23
49
22
59
14
97 3568949644062898945
25 1534651648184826534
18 D
2 537856938591193723
6
22
88
42 D
18
56
56 7006872492581149481
95
62
26
33 5098620595233471938
93
21
36
44
7 722268783243576092
59
18
69
69 D
37 1313537708383309869
65
78
46 D
93 3048139609486789607
46
27
66 3421451196236816832
35
68
67 3663671961381801078
12 4456599429559441707
59
93 8130991751877273597
70 8743424009696369273
94
72
29 D
16 5156752808716019617
66
62
56 D
48 2948746129675927402
34
71 223051144492207832
10
37
17
17 4254000364350784231
37 6116620817113818248
80 2559168476110347630
62
69 5778036682093353294
77
92 6598899261389282758
93 D
54
45 5104129747518735065
62 D
49
69
50
60 109059058916484517
48
91
27
2
17
30
87
90 D
48
73 878913034550440980
53 4004709467494567499
78
16
23 D
86
61
75 2355677232721293208
76
80
11
15 6631629934562827105
26 6085765054185459337
84 7349366844629678448
57 D
11 1762871782746866816
89 D
99
15
22 1342932467727623169
43 839020813013762414
62
78 8249429569548305655
77
91
74 2080235521252892593
12 6303592847972547965
75
56 D
50
41 4624144369693687941
24 D
6
99 3226774801143925218
37
60
76
49 4717886738975443045
57
62
2 D
29 4213449810114529675
55 6943168213859079372
71
74 8663262580011373444
36
90
22 782089168967081861
2
34 4975548450482777439
62
14 2691339913074418589
97
32
21 4815632986313321846
65 D
78 D
73 1462710265139690848
61
6 3423802524775301696
4 D
12
71
28 5950604389160447537
31
8 5188465054753699261
59 D
18
9
72
21
21 D
24
55
85 7766316634608654434
68
46 6649122178868006039
28
60
78 607295294284121878
29
40
36 D
36
94 D
11
77 4290801017817831063
77
33 3421004516287326359
90 4198236581002235682
58
79 115444427612866290
67 7945700011860918550
21 3334978764797078726
61 D
50
77 D
30 D
45
86
34
89 9215508659554536249
36 3594623025260952675
66 6444129000478904342
47
48
82 704118228645325187
59 6927547593363482082
24
40 7911155681095884073
43 3865575522238123766
61
79
76 4674716401026694027
44
68
99
46 4157122387649445997
83
46
97 D
56
41
19 D
9
99 D
68
10
99 D
16 7591906825893858588
12 D
56
7
82
3
44
88 D
30
11
89 7327547820071074415
61
41 6009689489262311312
37
57
3
73
80
33
71
1
46
29 2330306805952158148
90
94 4407618910837149182
41
56 1503344516606710540
23 6251594065363878543
60 9118993370367620490
11 3802886825843734780
99
94
82
29 2762999703311516317
29
16 7441436193829615331
31 2243950822291689920
60
25
69 604574764935231880
98 5424336192130163687
63 D
77
6
14 7686776573044625447
26 3580598166655683085
88 2344588355503866629
43 D
79
23
62 6131718021707727032
70 D
73 6000855144568343332
55 2588481237858771339
0 7900832492619734430
44
27 D
61
8 7569118925212059154
12 6360647144713220494
82
51 D
22 3751029360349801635
58 2360520026000461176
36 2224161996762922176
82 8422616402052656317
40 2869803318935772241
74
99
74
75 D
36
15
19
6
49
46 8478257333470213443
44 366308596337380234
85 2352368609571754739
11
35
93 7676490796833367051
98 1908989667935490948
53 6908464874854457640
57 D
67 D
42 D
87 D
44
34
7 1976598874120639345
86
98 D
38
22
83 1295969183636811034
26
99
32 972062198934635739
45 451856991515069413
79
41
98 138481109277318274
23 D
2
74 2734314881906704318
80
14 D
96 D
57 8957903619282716412
2 D
73
0 4218522052321705026
47
20
76
6 D
45
54
48
47
25 1855890892022523438
7 D
93 D
28 953725485076106824
10
45
22 1898054384325459181
20 5734243790027752391
85
87
98
88 D
41
8
66 1068611743723431394
3
7 3231627055503252782
36
76 5909896774360361861
9
87
13 1256698102960900887
43 6533126639195251043
95 6201383152222369277
64 3528976269831859609
49 2591029913364296501
33
87
39 7612031089358982559
70 4063529728477698330
87
42
56
80 8570052596592858163
7
52
67 7162850864448609014
46
87 2739336769030480106
28
91
59
58
78
8
17
57
43
39 2411610365255864095
14 5891745407741376285
64
37
71 D
22 1838334900464185698
72 7728274280322308839
31 D
100
50 6716207240364666903
7 9087220421218547542
13 1795007808837535113
96 D
96 1316717140603453374
94 805246710845172518
22 8614081012839010553
37 4044015719639362612
32 2512461338034555094
42
86
75 934118845209576518
34
20
32
14
74
81 7716308908494480403
21 7367819690984353245
73 3922174073704492957
17 D
72 5850745945839223965
26 3541502906419187740
62
66
4
88 1575192316987239788
34
88 D
61
0
81
97 1281516079773001786
44 7015104600448401292
15 D
72 7934756433997864440
6
69 D
81
59 282517187129861065
58 D
97 8627329964436464868
23 702334620150593455
91 1565381936590055477
38 5495781381324008885
96 D
62 5225852814254557644
14 D
20
36
9
57
44 2155486609179605979
22
57
84 242596234453152728
10 2812847026130678572
90
46
40
27
22 7639932100476480746
75 2539161761828251403
36
20
85 D
50
46
71
9
0
93
33
100
57 8512085322657665609
51 D
50
93
19 D
45
88
26 3003449826775383618
89 7511937294667580319
84
72 D
88
72 730000729283135594
80
46
62
56 9058608808978705630
3 3495482446642089094
75 4487670692223409124
9
86 6148428858089916568
91 445957941455097434
79
27
12 670911715234794204
2
57 D
98
92
49
34
99 9180032918384208184
17 2509382440944544520
8
59
41 3085074697952742983
6 1581455342273879399
35
69
40 7719995115432155082
49 31138471791497676
68
67 4318035395193820564
84 1515971296313599966
92
66 D
46
60
22 D
95
48 1878111038824265677
49 D
13 D
2 6820366318952304564
51 D
55
39
79 D
72
12 588044774167877434
8
62
94 D
40 150691419511366332
96
69 D
3 1954797409093329056
65 1294458040852132694
87 D
63 4400234258490363460
44 3828466648274277604
46 6048182104984692715
17 2573091748376314601
48
11 5556142472854791475
65 2767481409637042188
33
30
67
15
12
48 D
19
93 2902219118032076462
0 D
83 6089154146168148682
37
39
5 7648992602719921740
32
58
75
89
66 D
78
43 6826797539494442285
71
20 D
17
41 7542003770302843173
87
44
44 D
10 D
38 6705731588135112189
2 7981499037236399223
16
66
18
43
47
77
98
32
60
63
1
27
55 3517993983767050430
4 D
10
30
38 8843481338421171881
88
27 614389665947017249
17
29
12
52 D
77 339464607661908032
48 4370949241811848758
28
39 D
7 7052313174491036111
43
20 1330419400715960220
52
22
76
24 3114719964237800448
94 5151583115810274900
40
14 6380104932086502720
1
31
17
57
69 445989990333964130
54
28 3555272024865428952
58
54
78
78 8013834564818971389
19 1763500773894075843
95 6586224450192509644
40
57
71 4121368384655282513
87
59
54
67 D
56 D
48
78 6214265308789163269
50
70 5460752368363003353
20
9 5115963279775593006
67 4488449027992694172
27
35
42
44
79
51 D
42
55 D
14
38
21
59
42
48 8907807809001131482
70
20 1832352029444885350
69 D
9
42 5610453614270827034
75
99 9177666194224226707
79
10
31
35
28 6514913306771202960
65
56
84 7524877962016679123
81
56 D
71
79
29
95 2131913114664994707
32 D
52
77 D
7 D
14
10 D
70
22 4481124077358856630
26 D
70
55 8229524346927031790
79 D
47 8897979437470704497
72
46
87 1981084583535029602
15 5133463967958759432
80 5010267844301578899
43 8623998995443498455
80 D
28
76
38 D
34
32
50 2447731050544823053
30 D
27
89
48
5
25
43
11
28 3328416001753421005
2 9189907324870367728
81 6599462929845311704
57
53
52
70 3294160069819740449
17 6952496501948139198
28
74 8927694527916861680
24
57
20
79
72
90 D
2 8005727027824246563
0 D
69
64 460581093085657490
80
99 6628127984265964264
46
73
90 D
68 4902553432052726248
47
56 7338355016475926596
10 7128646501326127905
70 3190827144650966313
66 5194621908114720170
41 6195340088803322395
65
18
8 364711934344449556
78
66
73
88
43 4302035888509592394
25
2
43 6269860715807338062
53
88
13 D
95
12 D
49
42
60
94
17
84
15
99
92 1523155026483229604
48 D
6
70
76
20 7052186101729275429
98
55
47 D
93 D
81 4598091251592871764
23
90 7151012919483491754
27 4374155399849316221
16 D
45
91
32 D
6
54
49
97 8429755593380817743
69
100
93
65 2931446644043940516
12 4597529743728803724
63
14 8878703760345409115
3 6626129819226832327
40 879483722347664967
79
18 D
67
44
46
89 5601570996588410596
98 7293394506940794884
75 D
1 4054515794413449971
68 D
48
56 4705564342933824836
96
27 2328054784456454987
76
64
25 537580955835481880
26
78
54
48 459398127329950621
61 7753123812173173526
60
2
73 1809251350447011463
84 7330537308281842446
70
25
44 5673295914843615997
14
34 D
4
38 6568209118522723424
16 D
67 1914845697899709978
15 6657921492164868902
53
51 6577695245386848433
57 7326098613259210575
59 1705090174683736989
5 5773932528013889476
16 D
76
83
71 1883489859088702664
20
10 3189933880627367572
8
68
99
30 D
31 892863263704073238
56 D
96
99
82 3574365319183422014
34
28
83 921044015251139920
17 2578908364889390783
65 D
73
31 D
2
86
56
79 D
29 2170360120245622412
7
49
71 5405046862592719551
71 61344118784958890
27
25 D
34
58
68
94
36 601238734126195875
47 8131515525143205061
75
55
96 429142619161029542
7 D
79 D
77
41 D
20 D
67 7132338351179143929
29
99
97
15 7162717713744951858
97 D
37 3888474086358506865
58 3520944443952627076
61 3725304762661913857
23
12
0
54
23
33 D
21 5261766918233803971
40 D
81
18 D
51 D
89
89 1465647040248898717
13 4082102986047736211
62
51 1858402803562433469
51
81 8120059396639305684
73
78 8348397861796484669
43
44
6 3488157239883167282
45
7
78
91 3565114995415902004
29
37 D
2 5856863011276824230
49
93
17 2556488049673831780
6 2902678100189671634
64 7267977343851661097
35 6784281291143294474
88 260930327799591666
4 419497373713798991
40
46 6487159217553062186
70 5595489559452454000
5 2145168670061764590
15
7
91
27 8737958409282685965
76 4292713205799058405
40
74 D
98 365056548449529670
26
54
11 6876739872938242562
42 3105191194380548560
46
29
95
43
53
1 D
34 4397798832568373379
78 3964696650337053970
3 8341589808911026139
29
99 7976068425012715662
40
77 6438998179546599874
15
36
22
64
16
78
45
52
16
34
88
87 1652970081322497611
25 7714411107302333280
44 6810082040714007814
87
24
17
53
86
56 D
47
29
80
28
5
61
75
16
33
22 D
41 D
53 2979649159860086224
49
31
38
98
4
83 7268418269566996904
96
94
29
23
70
87
33
66 8285810045495993407
85 6532240118580034169
90 4405765681978707077
51 D
68
48
62 D
59 4169788429243856140
76 5159470387797822021
95
19
73
28
69 D
6 8751966219612233315
91 D
24 7351476288227904274
22
98 3448592864665652499
84 D
54 D
91
99
89
29 949640395932469329
8 D
88 4512796829032583445
38
27
38 1141762623204713676
19 3287863681364647603
82
1
36 6079864155339400198
4
43
23
75 1122249574161860020
38 1590426763552131459
43
24
74
78
56 6284865655262767539
40 D
13 D
66
15 D
9
68 7490659410567440171
21 4499570715531816039
99
8 D
14 D
47 D
65 2884627106641001488
55 7788750725712000767
88
53 7949035457540509450
72
65
2
13
72
61
69
42
66
55 309274921238894366
71 D
36
50
30
68
6
98
31
60
69
43
20 4141665072871238345
91 D
89 4804076238567107096
7
82 4995033960937636689
0
20
100
85
98
17
18 1290060320235662864
39
32 D
22
99 D
78 D
66 5734234237413511749
10 4137919346215884909
14 5968031948783646285
21 8193598592995592418
11 D
45
76
54
57
19
26 D
66
91 976805217822351436
94 135237398885411179
69 6953395305096349023
31
1 D
65
49
85
47
94
26
91
97 9154866143970158054
71
79 D
100
28 D
16
72
22
88
64 D
48
53 8390937101486768734
77 D
55
33
34
3 6926742677020661742
50 7297264398083834647
52 156917025881991929
59 2486593592878029639
98
55
40
57 2809114424684660482
33 949350627932201678
37
9 514281512001590905
36
77
22 3047870335135917458
39 5646377309018847626
23
37
80 D
64
86 D
7 8935968161433676570
53 8843457832382293833
58 D
35
11 373912598310124272
29
35
16 7109682972362566906
94
32
9
3
22 5655179465289653971
82 7189408100623019224
50 D
7 1561824090863590958
39
92
72 7386125963830575986
5
59
52 7121324899008044018
21 4664594402749825709
89 7326312648548535525
84
73
52 1469874870716049678
53 D
43
85 D
19 8632265895949243769
11
6
2 3176175421421012442
68
86
33 D
51 6616058960617693415
59 6935078449241206933
61
95 9087751637090186121
47
90 9032992798146269809
100
98 8722247966945669537
76
18
95
17 4610028512505097442
21
39 8105828051513395953
81 4752362293318570193
18 615137038172596237
74
33
59 D
62
32 4224094447561519983
61
78
5
100
44 79413010321588436
20 3548348007062540561
56
60 7082106851770134770
34
98
15 4911828144824476917
35 D
20 495883179068093444
95
20
33 D
15 5574694873949763699
42 1160353926101492699
95 6357789388630697087
49
35
6 D
3 D
16
77 7640034761231709651
81 4943161029959331242
100
54
19
93
51
47 1290917848774274094
30
84
33
72
87 6314956662354587321
23
86
66 3658918798820995055
64
56 248417633682802513
56
34 8919691379898408286
86
37
25
88
40
85 D
75
61 4893144200678452237
51 2178970141031100684
16
29
89 6446318182250947196
83
14 D
96 D
91
1 D
78 6515264983993763453
38 D
45
10
6 D
32 5390638125010779112
78
23 2071902119052861821
74
56 5050616408515371348
91 D
45
67
69 5635643099943822420
43
100 D
27 D
70 D
15
45 5985701139401324407
77
49
6
77
73 2692316239628250350
38
15 D
12
8
23 847266992812052560
96 D
13
